The system is: Linux - 4.4.0-38-generic - x86_64
Compiling the C compiler identification source file "CMakeCCompilerId.c" succeeded.
Compiler: /opt/pkg/compiler/gnu/gcc/4.9.2/bin/gcc-4.9.2 
Build flags: 
Id flags:  

The output was:
0


Compilation of the C compiler identification source "CMakeCCompilerId.c" produced "a.out"

The C compiler identification is GNU, found in "/home/goethe93/paramSets/RampOnCopper/.build/CMakeFiles/3.10.1/CompilerIdC/a.out"

Compiling the CXX compiler identification source file "CMakeCXXCompilerId.cpp" succeeded.
Compiler: /opt/pkg/compiler/gnu/gcc/4.9.2/bin/g++-4.9.2 
Build flags: -g0;-O3;-m64
Id flags:  

The output was:
0


Compilation of the CXX compiler identification source "CMakeCXXCompilerId.cpp" produced "a.out"

The CXX compiler identification is GNU, found in "/home/goethe93/paramSets/RampOnCopper/.build/CMakeFiles/3.10.1/CompilerIdCXX/a.out"

Determining if the C compiler works passed with the following output:
Change Dir: /home/goethe93/paramSets/RampOnCopper/.build/CMakeFiles/CMakeTmp

Run Build Command:"/usr/bin/make" "cmTC_7787e/fast"
/usr/bin/make -f CMakeFiles/cmTC_7787e.dir/build.make CMakeFiles/cmTC_7787e.dir/build
make[1]: Verzeichnis »/data/home/goethe93/paramSets/RampOnCopper/.build/CMakeFiles/CMakeTmp« wird betreten
Building C object CMakeFiles/cmTC_7787e.dir/testCCompiler.c.o
/opt/pkg/compiler/gnu/gcc/4.9.2/bin/gcc-4.9.2    -o CMakeFiles/cmTC_7787e.dir/testCCompiler.c.o   -c /home/goethe93/paramSets/RampOnCopper/.build/CMakeFiles/CMakeTmp/testCCompiler.c
Linking C executable cmTC_7787e
/opt/pkg/devel/cmake/3.10.1/bin/cmake -E cmake_link_script CMakeFiles/cmTC_7787e.dir/link.txt --verbose=1
/opt/pkg/compiler/gnu/gcc/4.9.2/bin/gcc-4.9.2      CMakeFiles/cmTC_7787e.dir/testCCompiler.c.o  -o cmTC_7787e 
make[1]: Verzeichnis »/data/home/goethe93/paramSets/RampOnCopper/.build/CMakeFiles/CMakeTmp« wird verlassen


Detecting C compiler ABI info compiled with the following output:
Change Dir: /home/goethe93/paramSets/RampOnCopper/.build/CMakeFiles/CMakeTmp

Run Build Command:"/usr/bin/make" "cmTC_8fb63/fast"
/usr/bin/make -f CMakeFiles/cmTC_8fb63.dir/build.make CMakeFiles/cmTC_8fb63.dir/build
make[1]: Verzeichnis »/data/home/goethe93/paramSets/RampOnCopper/.build/CMakeFiles/CMakeTmp« wird betreten
Building C object CMakeFiles/cmTC_8fb63.dir/CMakeCCompilerABI.c.o
/opt/pkg/compiler/gnu/gcc/4.9.2/bin/gcc-4.9.2    -o CMakeFiles/cmTC_8fb63.dir/CMakeCCompilerABI.c.o   -c /opt/pkg/devel/cmake/3.10.1/share/cmake-3.10/Modules/CMakeCCompilerABI.c
Linking C executable cmTC_8fb63
/opt/pkg/devel/cmake/3.10.1/bin/cmake -E cmake_link_script CMakeFiles/cmTC_8fb63.dir/link.txt --verbose=1
/opt/pkg/compiler/gnu/gcc/4.9.2/bin/gcc-4.9.2     -v CMakeFiles/cmTC_8fb63.dir/CMakeCCompilerABI.c.o  -o cmTC_8fb63 
Es werden eingebaute Spezifikationen verwendet.
COLLECT_GCC=/opt/pkg/compiler/gnu/gcc/4.9.2/bin/gcc-4.9.2
COLLECT_LTO_WRAPPER=/opt/pkg/compiler/gnu/gcc/4.9.2/libexec/gcc/x86_64-unknown-linux-gnu/4.9.2/lto-wrapper
Ziel: x86_64-unknown-linux-gnu
Konfiguriert mit: ./configure --prefix=/opt/pkg/compiler/gnu/gcc/4.9.2 --with-gmp=/opt/pkg/numlib/gmp/5.1.1/ --with-mpfr=/opt/pkg/numlib/mpfr/3.1.2/ --with-mpc=/opt/pkg/numlib/mpc/1.0.1/ --enable-build-with-cxx --disable-multilib --oldincludedir=/usr/include:/usr/include/x86_64-linux-gnu
Thread-Modell: posix
gcc-Version 4.9.2 (GCC) 
COMPILER_PATH=/opt/pkg/compiler/gnu/gcc/4.9.2/libexec/gcc/x86_64-unknown-linux-gnu/4.9.2/:/opt/pkg/compiler/gnu/gcc/4.9.2/libexec/gcc/x86_64-unknown-linux-gnu/4.9.2/:/opt/pkg/compiler/gnu/gcc/4.9.2/libexec/gcc/x86_64-unknown-linux-gnu/:/opt/pkg/compiler/gnu/gcc/4.9.2/lib/gcc/x86_64-unknown-linux-gnu/4.9.2/:/opt/pkg/compiler/gnu/gcc/4.9.2/lib/gcc/x86_64-unknown-linux-gnu/
LIBRARY_PATH=/opt/pkg/devel/cuda/8.0/lib64/../lib64/:/opt/pkg/compiler/gnu/gcc/4.9.2/lib64/../lib64/:/opt/pkg/devel/cuda/8.0/lib64/../lib64/:/opt/pkg/compiler/gnu/gcc/4.9.2/lib/gcc/x86_64-unknown-linux-gnu/4.9.2/:/opt/pkg/compiler/gnu/gcc/4.9.2/lib/gcc/x86_64-unknown-linux-gnu/4.9.2/../../../../lib64/:/lib/x86_64-linux-gnu/:/lib/../lib64/:/usr/lib/x86_64-linux-gnu/:/usr/lib/../lib64/:/opt/pkg/devel/cuda/8.0/lib64/:/opt/pkg/compiler/gnu/gcc/4.9.2/lib64/:/opt/pkg/devel/cuda/8.0/lib64/:/opt/pkg/filelib/hdf5-parallel/1.8.20/gnu/4.9.2/64/opt/openmpi/2.1.2.cuda80/lib/:/opt/pkg/filelib/libsplash/1.7.0/gnu/4.9.2/64/opt/openmpi/2.1.2.cuda80/lib/:/opt/pkg/compiler/gnu/gcc/4.9.2/lib/gcc/x86_64-unknown-linux-gnu/4.9.2/../../../:/lib/:/usr/lib/
COLLECT_GCC_OPTIONS='-v' '-o' 'cmTC_8fb63' '-mtune=generic' '-march=x86-64'
 /opt/pkg/compiler/gnu/gcc/4.9.2/libexec/gcc/x86_64-unknown-linux-gnu/4.9.2/collect2 --eh-frame-hdr -m elf_x86_64 -dynamic-linker /lib64/ld-linux-x86-64.so.2 -o cmTC_8fb63 /usr/lib/x86_64-linux-gnu/crt1.o /usr/lib/x86_64-linux-gnu/crti.o /opt/pkg/compiler/gnu/gcc/4.9.2/lib/gcc/x86_64-unknown-linux-gnu/4.9.2/crtbegin.o -L/opt/pkg/devel/cuda/8.0/lib64/../lib64 -L/opt/pkg/compiler/gnu/gcc/4.9.2/lib64/../lib64 -L/opt/pkg/devel/cuda/8.0/lib64/../lib64 -L/opt/pkg/compiler/gnu/gcc/4.9.2/lib/gcc/x86_64-unknown-linux-gnu/4.9.2 -L/opt/pkg/compiler/gnu/gcc/4.9.2/lib/gcc/x86_64-unknown-linux-gnu/4.9.2/../../../../lib64 -L/lib/x86_64-linux-gnu -L/lib/../lib64 -L/usr/lib/x86_64-linux-gnu -L/usr/lib/../lib64 -L/opt/pkg/devel/cuda/8.0/lib64 -L/opt/pkg/compiler/gnu/gcc/4.9.2/lib64 -L/opt/pkg/devel/cuda/8.0/lib64 -L/opt/pkg/filelib/hdf5-parallel/1.8.20/gnu/4.9.2/64/opt/openmpi/2.1.2.cuda80/lib -L/opt/pkg/filelib/libsplash/1.7.0/gnu/4.9.2/64/opt/openmpi/2.1.2.cuda80/lib -L/opt/pkg/compiler/gnu/gcc/4.9.2/lib/gcc/x86_64-unknown-linux-gnu/4.9.2/../../.. CMakeFiles/cmTC_8fb63.dir/CMakeCCompilerABI.c.o -lgcc --as-needed -lgcc_s --no-as-needed -lc -lgcc --as-needed -lgcc_s --no-as-needed /opt/pkg/compiler/gnu/gcc/4.9.2/lib/gcc/x86_64-unknown-linux-gnu/4.9.2/crtend.o /usr/lib/x86_64-linux-gnu/crtn.o
make[1]: Verzeichnis »/data/home/goethe93/paramSets/RampOnCopper/.build/CMakeFiles/CMakeTmp« wird verlassen


Parsed C implicit link information from above output:
  link line regex: [^( *|.*[/\])(ld|CMAKE_LINK_STARTFILE-NOTFOUND|([^/\]+-)?ld|collect2)[^/\]*( |$)]
  ignore line: [Change Dir: /home/goethe93/paramSets/RampOnCopper/.build/CMakeFiles/CMakeTmp]
  ignore line: []
  ignore line: [Run Build Command:"/usr/bin/make" "cmTC_8fb63/fast"]
  ignore line: [/usr/bin/make -f CMakeFiles/cmTC_8fb63.dir/build.make CMakeFiles/cmTC_8fb63.dir/build]
  ignore line: [make[1]: Verzeichnis »/data/home/goethe93/paramSets/RampOnCopper/.build/CMakeFiles/CMakeTmp« wird betreten]
  ignore line: [Building C object CMakeFiles/cmTC_8fb63.dir/CMakeCCompilerABI.c.o]
  ignore line: [/opt/pkg/compiler/gnu/gcc/4.9.2/bin/gcc-4.9.2    -o CMakeFiles/cmTC_8fb63.dir/CMakeCCompilerABI.c.o   -c /opt/pkg/devel/cmake/3.10.1/share/cmake-3.10/Modules/CMakeCCompilerABI.c]
  ignore line: [Linking C executable cmTC_8fb63]
  ignore line: [/opt/pkg/devel/cmake/3.10.1/bin/cmake -E cmake_link_script CMakeFiles/cmTC_8fb63.dir/link.txt --verbose=1]
  ignore line: [/opt/pkg/compiler/gnu/gcc/4.9.2/bin/gcc-4.9.2     -v CMakeFiles/cmTC_8fb63.dir/CMakeCCompilerABI.c.o  -o cmTC_8fb63 ]
  ignore line: [Es werden eingebaute Spezifikationen verwendet.]
  ignore line: [COLLECT_GCC=/opt/pkg/compiler/gnu/gcc/4.9.2/bin/gcc-4.9.2]
  ignore line: [COLLECT_LTO_WRAPPER=/opt/pkg/compiler/gnu/gcc/4.9.2/libexec/gcc/x86_64-unknown-linux-gnu/4.9.2/lto-wrapper]
  ignore line: [Ziel: x86_64-unknown-linux-gnu]
  ignore line: [Konfiguriert mit: ./configure --prefix=/opt/pkg/compiler/gnu/gcc/4.9.2 --with-gmp=/opt/pkg/numlib/gmp/5.1.1/ --with-mpfr=/opt/pkg/numlib/mpfr/3.1.2/ --with-mpc=/opt/pkg/numlib/mpc/1.0.1/ --enable-build-with-cxx --disable-multilib --oldincludedir=/usr/include:/usr/include/x86_64-linux-gnu]
  ignore line: [Thread-Modell: posix]
  ignore line: [gcc-Version 4.9.2 (GCC) ]
  ignore line: [COMPILER_PATH=/opt/pkg/compiler/gnu/gcc/4.9.2/libexec/gcc/x86_64-unknown-linux-gnu/4.9.2/:/opt/pkg/compiler/gnu/gcc/4.9.2/libexec/gcc/x86_64-unknown-linux-gnu/4.9.2/:/opt/pkg/compiler/gnu/gcc/4.9.2/libexec/gcc/x86_64-unknown-linux-gnu/:/opt/pkg/compiler/gnu/gcc/4.9.2/lib/gcc/x86_64-unknown-linux-gnu/4.9.2/:/opt/pkg/compiler/gnu/gcc/4.9.2/lib/gcc/x86_64-unknown-linux-gnu/]
  ignore line: [LIBRARY_PATH=/opt/pkg/devel/cuda/8.0/lib64/../lib64/:/opt/pkg/compiler/gnu/gcc/4.9.2/lib64/../lib64/:/opt/pkg/devel/cuda/8.0/lib64/../lib64/:/opt/pkg/compiler/gnu/gcc/4.9.2/lib/gcc/x86_64-unknown-linux-gnu/4.9.2/:/opt/pkg/compiler/gnu/gcc/4.9.2/lib/gcc/x86_64-unknown-linux-gnu/4.9.2/../../../../lib64/:/lib/x86_64-linux-gnu/:/lib/../lib64/:/usr/lib/x86_64-linux-gnu/:/usr/lib/../lib64/:/opt/pkg/devel/cuda/8.0/lib64/:/opt/pkg/compiler/gnu/gcc/4.9.2/lib64/:/opt/pkg/devel/cuda/8.0/lib64/:/opt/pkg/filelib/hdf5-parallel/1.8.20/gnu/4.9.2/64/opt/openmpi/2.1.2.cuda80/lib/:/opt/pkg/filelib/libsplash/1.7.0/gnu/4.9.2/64/opt/openmpi/2.1.2.cuda80/lib/:/opt/pkg/compiler/gnu/gcc/4.9.2/lib/gcc/x86_64-unknown-linux-gnu/4.9.2/../../../:/lib/:/usr/lib/]
  ignore line: [COLLECT_GCC_OPTIONS='-v' '-o' 'cmTC_8fb63' '-mtune=generic' '-march=x86-64']
  link line: [ /opt/pkg/compiler/gnu/gcc/4.9.2/libexec/gcc/x86_64-unknown-linux-gnu/4.9.2/collect2 --eh-frame-hdr -m elf_x86_64 -dynamic-linker /lib64/ld-linux-x86-64.so.2 -o cmTC_8fb63 /usr/lib/x86_64-linux-gnu/crt1.o /usr/lib/x86_64-linux-gnu/crti.o /opt/pkg/compiler/gnu/gcc/4.9.2/lib/gcc/x86_64-unknown-linux-gnu/4.9.2/crtbegin.o -L/opt/pkg/devel/cuda/8.0/lib64/../lib64 -L/opt/pkg/compiler/gnu/gcc/4.9.2/lib64/../lib64 -L/opt/pkg/devel/cuda/8.0/lib64/../lib64 -L/opt/pkg/compiler/gnu/gcc/4.9.2/lib/gcc/x86_64-unknown-linux-gnu/4.9.2 -L/opt/pkg/compiler/gnu/gcc/4.9.2/lib/gcc/x86_64-unknown-linux-gnu/4.9.2/../../../../lib64 -L/lib/x86_64-linux-gnu -L/lib/../lib64 -L/usr/lib/x86_64-linux-gnu -L/usr/lib/../lib64 -L/opt/pkg/devel/cuda/8.0/lib64 -L/opt/pkg/compiler/gnu/gcc/4.9.2/lib64 -L/opt/pkg/devel/cuda/8.0/lib64 -L/opt/pkg/filelib/hdf5-parallel/1.8.20/gnu/4.9.2/64/opt/openmpi/2.1.2.cuda80/lib -L/opt/pkg/filelib/libsplash/1.7.0/gnu/4.9.2/64/opt/openmpi/2.1.2.cuda80/lib -L/opt/pkg/compiler/gnu/gcc/4.9.2/lib/gcc/x86_64-unknown-linux-gnu/4.9.2/../../.. CMakeFiles/cmTC_8fb63.dir/CMakeCCompilerABI.c.o -lgcc --as-needed -lgcc_s --no-as-needed -lc -lgcc --as-needed -lgcc_s --no-as-needed /opt/pkg/compiler/gnu/gcc/4.9.2/lib/gcc/x86_64-unknown-linux-gnu/4.9.2/crtend.o /usr/lib/x86_64-linux-gnu/crtn.o]
    arg [/opt/pkg/compiler/gnu/gcc/4.9.2/libexec/gcc/x86_64-unknown-linux-gnu/4.9.2/collect2] ==> ignore
    arg [--eh-frame-hdr] ==> ignore
    arg [-m] ==> ignore
    arg [elf_x86_64] ==> ignore
    arg [-dynamic-linker] ==> ignore
    arg [/lib64/ld-linux-x86-64.so.2] ==> ignore
    arg [-o] ==> ignore
    arg [cmTC_8fb63] ==> ignore
    arg [/usr/lib/x86_64-linux-gnu/crt1.o] ==> ignore
    arg [/usr/lib/x86_64-linux-gnu/crti.o] ==> ignore
    arg [/opt/pkg/compiler/gnu/gcc/4.9.2/lib/gcc/x86_64-unknown-linux-gnu/4.9.2/crtbegin.o] ==> ignore
    arg [-L/opt/pkg/devel/cuda/8.0/lib64/../lib64] ==> dir [/opt/pkg/devel/cuda/8.0/lib64/../lib64]
    arg [-L/opt/pkg/compiler/gnu/gcc/4.9.2/lib64/../lib64] ==> dir [/opt/pkg/compiler/gnu/gcc/4.9.2/lib64/../lib64]
    arg [-L/opt/pkg/devel/cuda/8.0/lib64/../lib64] ==> dir [/opt/pkg/devel/cuda/8.0/lib64/../lib64]
    arg [-L/opt/pkg/compiler/gnu/gcc/4.9.2/lib/gcc/x86_64-unknown-linux-gnu/4.9.2] ==> dir [/opt/pkg/compiler/gnu/gcc/4.9.2/lib/gcc/x86_64-unknown-linux-gnu/4.9.2]
    arg [-L/opt/pkg/compiler/gnu/gcc/4.9.2/lib/gcc/x86_64-unknown-linux-gnu/4.9.2/../../../../lib64] ==> dir [/opt/pkg/compiler/gnu/gcc/4.9.2/lib/gcc/x86_64-unknown-linux-gnu/4.9.2/../../../../lib64]
    arg [-L/lib/x86_64-linux-gnu] ==> dir [/lib/x86_64-linux-gnu]
    arg [-L/lib/../lib64] ==> dir [/lib/../lib64]
    arg [-L/usr/lib/x86_64-linux-gnu] ==> dir [/usr/lib/x86_64-linux-gnu]
    arg [-L/usr/lib/../lib64] ==> dir [/usr/lib/../lib64]
    arg [-L/opt/pkg/devel/cuda/8.0/lib64] ==> dir [/opt/pkg/devel/cuda/8.0/lib64]
    arg [-L/opt/pkg/compiler/gnu/gcc/4.9.2/lib64] ==> dir [/opt/pkg/compiler/gnu/gcc/4.9.2/lib64]
    arg [-L/opt/pkg/devel/cuda/8.0/lib64] ==> dir [/opt/pkg/devel/cuda/8.0/lib64]
    arg [-L/opt/pkg/filelib/hdf5-parallel/1.8.20/gnu/4.9.2/64/opt/openmpi/2.1.2.cuda80/lib] ==> dir [/opt/pkg/filelib/hdf5-parallel/1.8.20/gnu/4.9.2/64/opt/openmpi/2.1.2.cuda80/lib]
    arg [-L/opt/pkg/filelib/libsplash/1.7.0/gnu/4.9.2/64/opt/openmpi/2.1.2.cuda80/lib] ==> dir [/opt/pkg/filelib/libsplash/1.7.0/gnu/4.9.2/64/opt/openmpi/2.1.2.cuda80/lib]
    arg [-L/opt/pkg/compiler/gnu/gcc/4.9.2/lib/gcc/x86_64-unknown-linux-gnu/4.9.2/../../..] ==> dir [/opt/pkg/compiler/gnu/gcc/4.9.2/lib/gcc/x86_64-unknown-linux-gnu/4.9.2/../../..]
    arg [CMakeFiles/cmTC_8fb63.dir/CMakeCCompilerABI.c.o] ==> ignore
    arg [-lgcc] ==> lib [gcc]
    arg [--as-needed] ==> ignore
    arg [-lgcc_s] ==> lib [gcc_s]
    arg [--no-as-needed] ==> ignore
    arg [-lc] ==> lib [c]
    arg [-lgcc] ==> lib [gcc]
    arg [--as-needed] ==> ignore
    arg [-lgcc_s] ==> lib [gcc_s]
    arg [--no-as-needed] ==> ignore
    arg [/opt/pkg/compiler/gnu/gcc/4.9.2/lib/gcc/x86_64-unknown-linux-gnu/4.9.2/crtend.o] ==> ignore
    arg [/usr/lib/x86_64-linux-gnu/crtn.o] ==> ignore
  collapse library dir [/opt/pkg/devel/cuda/8.0/lib64/../lib64] ==> [/opt/pkg/devel/cuda/8.0/lib64]
  collapse library dir [/opt/pkg/compiler/gnu/gcc/4.9.2/lib64/../lib64] ==> [/opt/pkg/compiler/gnu/gcc/4.9.2/lib64]
  collapse library dir [/opt/pkg/devel/cuda/8.0/lib64/../lib64] ==> [/opt/pkg/devel/cuda/8.0/lib64]
  collapse library dir [/opt/pkg/compiler/gnu/gcc/4.9.2/lib/gcc/x86_64-unknown-linux-gnu/4.9.2] ==> [/opt/pkg/compiler/gnu/gcc/4.9.2/lib/gcc/x86_64-unknown-linux-gnu/4.9.2]
  collapse library dir [/opt/pkg/compiler/gnu/gcc/4.9.2/lib/gcc/x86_64-unknown-linux-gnu/4.9.2/../../../../lib64] ==> [/opt/pkg/compiler/gnu/gcc/4.9.2/lib64]
  collapse library dir [/lib/x86_64-linux-gnu] ==> [/lib/x86_64-linux-gnu]
  collapse library dir [/lib/../lib64] ==> [/lib64]
  collapse library dir [/usr/lib/x86_64-linux-gnu] ==> [/usr/lib/x86_64-linux-gnu]
  collapse library dir [/usr/lib/../lib64] ==> [/usr/lib64]
  collapse library dir [/opt/pkg/devel/cuda/8.0/lib64] ==> [/opt/pkg/devel/cuda/8.0/lib64]
  collapse library dir [/opt/pkg/compiler/gnu/gcc/4.9.2/lib64] ==> [/opt/pkg/compiler/gnu/gcc/4.9.2/lib64]
  collapse library dir [/opt/pkg/devel/cuda/8.0/lib64] ==> [/opt/pkg/devel/cuda/8.0/lib64]
  collapse library dir [/opt/pkg/filelib/hdf5-parallel/1.8.20/gnu/4.9.2/64/opt/openmpi/2.1.2.cuda80/lib] ==> [/opt/pkg/filelib/hdf5-parallel/1.8.20/gnu/4.9.2/64/opt/openmpi/2.1.2.cuda80/lib]
  collapse library dir [/opt/pkg/filelib/libsplash/1.7.0/gnu/4.9.2/64/opt/openmpi/2.1.2.cuda80/lib] ==> [/opt/pkg/filelib/libsplash/1.7.0/gnu/4.9.2/64/opt/openmpi/2.1.2.cuda80/lib]
  collapse library dir [/opt/pkg/compiler/gnu/gcc/4.9.2/lib/gcc/x86_64-unknown-linux-gnu/4.9.2/../../..] ==> [/opt/pkg/compiler/gnu/gcc/4.9.2/lib]
  implicit libs: [gcc;gcc_s;c;gcc;gcc_s]
  implicit dirs: [/opt/pkg/devel/cuda/8.0/lib64;/opt/pkg/compiler/gnu/gcc/4.9.2/lib64;/opt/pkg/compiler/gnu/gcc/4.9.2/lib/gcc/x86_64-unknown-linux-gnu/4.9.2;/lib/x86_64-linux-gnu;/lib64;/usr/lib/x86_64-linux-gnu;/usr/lib64;/opt/pkg/filelib/hdf5-parallel/1.8.20/gnu/4.9.2/64/opt/openmpi/2.1.2.cuda80/lib;/opt/pkg/filelib/libsplash/1.7.0/gnu/4.9.2/64/opt/openmpi/2.1.2.cuda80/lib;/opt/pkg/compiler/gnu/gcc/4.9.2/lib]
  implicit fwks: []




Detecting C [-std=c11] compiler features compiled with the following output:
Change Dir: /home/goethe93/paramSets/RampOnCopper/.build/CMakeFiles/CMakeTmp

Run Build Command:"/usr/bin/make" "cmTC_7a7de/fast"
/usr/bin/make -f CMakeFiles/cmTC_7a7de.dir/build.make CMakeFiles/cmTC_7a7de.dir/build
make[1]: Verzeichnis »/data/home/goethe93/paramSets/RampOnCopper/.build/CMakeFiles/CMakeTmp« wird betreten
Building C object CMakeFiles/cmTC_7a7de.dir/feature_tests.c.o
/opt/pkg/compiler/gnu/gcc/4.9.2/bin/gcc-4.9.2   -std=c11 -o CMakeFiles/cmTC_7a7de.dir/feature_tests.c.o   -c /home/goethe93/paramSets/RampOnCopper/.build/CMakeFiles/feature_tests.c
Linking C executable cmTC_7a7de
/opt/pkg/devel/cmake/3.10.1/bin/cmake -E cmake_link_script CMakeFiles/cmTC_7a7de.dir/link.txt --verbose=1
/opt/pkg/compiler/gnu/gcc/4.9.2/bin/gcc-4.9.2      CMakeFiles/cmTC_7a7de.dir/feature_tests.c.o  -o cmTC_7a7de 
make[1]: Verzeichnis »/data/home/goethe93/paramSets/RampOnCopper/.build/CMakeFiles/CMakeTmp« wird verlassen


    Feature record: C_FEATURE:1c_function_prototypes
    Feature record: C_FEATURE:1c_restrict
    Feature record: C_FEATURE:1c_static_assert
    Feature record: C_FEATURE:1c_variadic_macros


Detecting C [-std=c99] compiler features compiled with the following output:
Change Dir: /home/goethe93/paramSets/RampOnCopper/.build/CMakeFiles/CMakeTmp

Run Build Command:"/usr/bin/make" "cmTC_a6d5a/fast"
/usr/bin/make -f CMakeFiles/cmTC_a6d5a.dir/build.make CMakeFiles/cmTC_a6d5a.dir/build
make[1]: Verzeichnis »/data/home/goethe93/paramSets/RampOnCopper/.build/CMakeFiles/CMakeTmp« wird betreten
Building C object CMakeFiles/cmTC_a6d5a.dir/feature_tests.c.o
/opt/pkg/compiler/gnu/gcc/4.9.2/bin/gcc-4.9.2   -std=c99 -o CMakeFiles/cmTC_a6d5a.dir/feature_tests.c.o   -c /home/goethe93/paramSets/RampOnCopper/.build/CMakeFiles/feature_tests.c
Linking C executable cmTC_a6d5a
/opt/pkg/devel/cmake/3.10.1/bin/cmake -E cmake_link_script CMakeFiles/cmTC_a6d5a.dir/link.txt --verbose=1
/opt/pkg/compiler/gnu/gcc/4.9.2/bin/gcc-4.9.2      CMakeFiles/cmTC_a6d5a.dir/feature_tests.c.o  -o cmTC_a6d5a 
make[1]: Verzeichnis »/data/home/goethe93/paramSets/RampOnCopper/.build/CMakeFiles/CMakeTmp« wird verlassen


    Feature record: C_FEATURE:1c_function_prototypes
    Feature record: C_FEATURE:1c_restrict
    Feature record: C_FEATURE:0c_static_assert
    Feature record: C_FEATURE:1c_variadic_macros


Detecting C [-std=c90] compiler features compiled with the following output:
Change Dir: /home/goethe93/paramSets/RampOnCopper/.build/CMakeFiles/CMakeTmp

Run Build Command:"/usr/bin/make" "cmTC_fac90/fast"
/usr/bin/make -f CMakeFiles/cmTC_fac90.dir/build.make CMakeFiles/cmTC_fac90.dir/build
make[1]: Verzeichnis »/data/home/goethe93/paramSets/RampOnCopper/.build/CMakeFiles/CMakeTmp« wird betreten
Building C object CMakeFiles/cmTC_fac90.dir/feature_tests.c.o
/opt/pkg/compiler/gnu/gcc/4.9.2/bin/gcc-4.9.2   -std=c90 -o CMakeFiles/cmTC_fac90.dir/feature_tests.c.o   -c /home/goethe93/paramSets/RampOnCopper/.build/CMakeFiles/feature_tests.c
Linking C executable cmTC_fac90
/opt/pkg/devel/cmake/3.10.1/bin/cmake -E cmake_link_script CMakeFiles/cmTC_fac90.dir/link.txt --verbose=1
/opt/pkg/compiler/gnu/gcc/4.9.2/bin/gcc-4.9.2      CMakeFiles/cmTC_fac90.dir/feature_tests.c.o  -o cmTC_fac90 
make[1]: Verzeichnis »/data/home/goethe93/paramSets/RampOnCopper/.build/CMakeFiles/CMakeTmp« wird verlassen


    Feature record: C_FEATURE:1c_function_prototypes
    Feature record: C_FEATURE:0c_restrict
    Feature record: C_FEATURE:0c_static_assert
    Feature record: C_FEATURE:0c_variadic_macros
Determining if the CXX compiler works passed with the following output:
Change Dir: /home/goethe93/paramSets/RampOnCopper/.build/CMakeFiles/CMakeTmp

Run Build Command:"/usr/bin/make" "cmTC_8f006/fast"
/usr/bin/make -f CMakeFiles/cmTC_8f006.dir/build.make CMakeFiles/cmTC_8f006.dir/build
make[1]: Verzeichnis »/data/home/goethe93/paramSets/RampOnCopper/.build/CMakeFiles/CMakeTmp« wird betreten
Building CXX object CMakeFiles/cmTC_8f006.dir/testCXXCompiler.cxx.o
/opt/pkg/compiler/gnu/gcc/4.9.2/bin/g++-4.9.2    -g0 -O3 -m64    -o CMakeFiles/cmTC_8f006.dir/testCXXCompiler.cxx.o -c /home/goethe93/paramSets/RampOnCopper/.build/CMakeFiles/CMakeTmp/testCXXCompiler.cxx
Linking CXX executable cmTC_8f006
/opt/pkg/devel/cmake/3.10.1/bin/cmake -E cmake_link_script CMakeFiles/cmTC_8f006.dir/link.txt --verbose=1
/opt/pkg/compiler/gnu/gcc/4.9.2/bin/g++-4.9.2  -g0 -O3 -m64     CMakeFiles/cmTC_8f006.dir/testCXXCompiler.cxx.o  -o cmTC_8f006 
make[1]: Verzeichnis »/data/home/goethe93/paramSets/RampOnCopper/.build/CMakeFiles/CMakeTmp« wird verlassen


Detecting CXX compiler ABI info compiled with the following output:
Change Dir: /home/goethe93/paramSets/RampOnCopper/.build/CMakeFiles/CMakeTmp

Run Build Command:"/usr/bin/make" "cmTC_b5b9c/fast"
/usr/bin/make -f CMakeFiles/cmTC_b5b9c.dir/build.make CMakeFiles/cmTC_b5b9c.dir/build
make[1]: Verzeichnis »/data/home/goethe93/paramSets/RampOnCopper/.build/CMakeFiles/CMakeTmp« wird betreten
Building CXX object CMakeFiles/cmTC_b5b9c.dir/CMakeCXXCompilerABI.cpp.o
/opt/pkg/compiler/gnu/gcc/4.9.2/bin/g++-4.9.2    -g0 -O3 -m64    -o CMakeFiles/cmTC_b5b9c.dir/CMakeCXXCompilerABI.cpp.o -c /opt/pkg/devel/cmake/3.10.1/share/cmake-3.10/Modules/CMakeCXXCompilerABI.cpp
Linking CXX executable cmTC_b5b9c
/opt/pkg/devel/cmake/3.10.1/bin/cmake -E cmake_link_script CMakeFiles/cmTC_b5b9c.dir/link.txt --verbose=1
/opt/pkg/compiler/gnu/gcc/4.9.2/bin/g++-4.9.2  -g0 -O3 -m64    -v CMakeFiles/cmTC_b5b9c.dir/CMakeCXXCompilerABI.cpp.o  -o cmTC_b5b9c 
Es werden eingebaute Spezifikationen verwendet.
COLLECT_GCC=/opt/pkg/compiler/gnu/gcc/4.9.2/bin/g++-4.9.2
COLLECT_LTO_WRAPPER=/opt/pkg/compiler/gnu/gcc/4.9.2/libexec/gcc/x86_64-unknown-linux-gnu/4.9.2/lto-wrapper
Ziel: x86_64-unknown-linux-gnu
Konfiguriert mit: ./configure --prefix=/opt/pkg/compiler/gnu/gcc/4.9.2 --with-gmp=/opt/pkg/numlib/gmp/5.1.1/ --with-mpfr=/opt/pkg/numlib/mpfr/3.1.2/ --with-mpc=/opt/pkg/numlib/mpc/1.0.1/ --enable-build-with-cxx --disable-multilib --oldincludedir=/usr/include:/usr/include/x86_64-linux-gnu
Thread-Modell: posix
gcc-Version 4.9.2 (GCC) 
COMPILER_PATH=/opt/pkg/compiler/gnu/gcc/4.9.2/libexec/gcc/x86_64-unknown-linux-gnu/4.9.2/:/opt/pkg/compiler/gnu/gcc/4.9.2/libexec/gcc/x86_64-unknown-linux-gnu/4.9.2/:/opt/pkg/compiler/gnu/gcc/4.9.2/libexec/gcc/x86_64-unknown-linux-gnu/:/opt/pkg/compiler/gnu/gcc/4.9.2/lib/gcc/x86_64-unknown-linux-gnu/4.9.2/:/opt/pkg/compiler/gnu/gcc/4.9.2/lib/gcc/x86_64-unknown-linux-gnu/
LIBRARY_PATH=/opt/pkg/devel/cuda/8.0/lib64/../lib64/:/opt/pkg/compiler/gnu/gcc/4.9.2/lib64/../lib64/:/opt/pkg/devel/cuda/8.0/lib64/../lib64/:/opt/pkg/compiler/gnu/gcc/4.9.2/lib/gcc/x86_64-unknown-linux-gnu/4.9.2/:/opt/pkg/compiler/gnu/gcc/4.9.2/lib/gcc/x86_64-unknown-linux-gnu/4.9.2/../../../../lib64/:/lib/x86_64-linux-gnu/:/lib/../lib64/:/usr/lib/x86_64-linux-gnu/:/usr/lib/../lib64/:/opt/pkg/devel/cuda/8.0/lib64/:/opt/pkg/compiler/gnu/gcc/4.9.2/lib64/:/opt/pkg/devel/cuda/8.0/lib64/:/opt/pkg/filelib/hdf5-parallel/1.8.20/gnu/4.9.2/64/opt/openmpi/2.1.2.cuda80/lib/:/opt/pkg/filelib/libsplash/1.7.0/gnu/4.9.2/64/opt/openmpi/2.1.2.cuda80/lib/:/opt/pkg/compiler/gnu/gcc/4.9.2/lib/gcc/x86_64-unknown-linux-gnu/4.9.2/../../../:/lib/:/usr/lib/
COLLECT_GCC_OPTIONS='-g0' '-O3' '-m64' '-v' '-o' 'cmTC_b5b9c' '-shared-libgcc' '-mtune=generic' '-march=x86-64'
 /opt/pkg/compiler/gnu/gcc/4.9.2/libexec/gcc/x86_64-unknown-linux-gnu/4.9.2/collect2 --eh-frame-hdr -m elf_x86_64 -dynamic-linker /lib64/ld-linux-x86-64.so.2 -o cmTC_b5b9c /usr/lib/x86_64-linux-gnu/crt1.o /usr/lib/x86_64-linux-gnu/crti.o /opt/pkg/compiler/gnu/gcc/4.9.2/lib/gcc/x86_64-unknown-linux-gnu/4.9.2/crtbegin.o -L/opt/pkg/devel/cuda/8.0/lib64/../lib64 -L/opt/pkg/compiler/gnu/gcc/4.9.2/lib64/../lib64 -L/opt/pkg/devel/cuda/8.0/lib64/../lib64 -L/opt/pkg/compiler/gnu/gcc/4.9.2/lib/gcc/x86_64-unknown-linux-gnu/4.9.2 -L/opt/pkg/compiler/gnu/gcc/4.9.2/lib/gcc/x86_64-unknown-linux-gnu/4.9.2/../../../../lib64 -L/lib/x86_64-linux-gnu -L/lib/../lib64 -L/usr/lib/x86_64-linux-gnu -L/usr/lib/../lib64 -L/opt/pkg/devel/cuda/8.0/lib64 -L/opt/pkg/compiler/gnu/gcc/4.9.2/lib64 -L/opt/pkg/devel/cuda/8.0/lib64 -L/opt/pkg/filelib/hdf5-parallel/1.8.20/gnu/4.9.2/64/opt/openmpi/2.1.2.cuda80/lib -L/opt/pkg/filelib/libsplash/1.7.0/gnu/4.9.2/64/opt/openmpi/2.1.2.cuda80/lib -L/opt/pkg/compiler/gnu/gcc/4.9.2/lib/gcc/x86_64-unknown-linux-gnu/4.9.2/../../.. CMakeFiles/cmTC_b5b9c.dir/CMakeCXXCompilerABI.cpp.o -lstdc++ -lm -lgcc_s -lgcc -lc -lgcc_s -lgcc /opt/pkg/compiler/gnu/gcc/4.9.2/lib/gcc/x86_64-unknown-linux-gnu/4.9.2/crtend.o /usr/lib/x86_64-linux-gnu/crtn.o
make[1]: Verzeichnis »/data/home/goethe93/paramSets/RampOnCopper/.build/CMakeFiles/CMakeTmp« wird verlassen


Parsed CXX implicit link information from above output:
  link line regex: [^( *|.*[/\])(ld|CMAKE_LINK_STARTFILE-NOTFOUND|([^/\]+-)?ld|collect2)[^/\]*( |$)]
  ignore line: [Change Dir: /home/goethe93/paramSets/RampOnCopper/.build/CMakeFiles/CMakeTmp]
  ignore line: []
  ignore line: [Run Build Command:"/usr/bin/make" "cmTC_b5b9c/fast"]
  ignore line: [/usr/bin/make -f CMakeFiles/cmTC_b5b9c.dir/build.make CMakeFiles/cmTC_b5b9c.dir/build]
  ignore line: [make[1]: Verzeichnis »/data/home/goethe93/paramSets/RampOnCopper/.build/CMakeFiles/CMakeTmp« wird betreten]
  ignore line: [Building CXX object CMakeFiles/cmTC_b5b9c.dir/CMakeCXXCompilerABI.cpp.o]
  ignore line: [/opt/pkg/compiler/gnu/gcc/4.9.2/bin/g++-4.9.2    -g0 -O3 -m64    -o CMakeFiles/cmTC_b5b9c.dir/CMakeCXXCompilerABI.cpp.o -c /opt/pkg/devel/cmake/3.10.1/share/cmake-3.10/Modules/CMakeCXXCompilerABI.cpp]
  ignore line: [Linking CXX executable cmTC_b5b9c]
  ignore line: [/opt/pkg/devel/cmake/3.10.1/bin/cmake -E cmake_link_script CMakeFiles/cmTC_b5b9c.dir/link.txt --verbose=1]
  ignore line: [/opt/pkg/compiler/gnu/gcc/4.9.2/bin/g++-4.9.2  -g0 -O3 -m64    -v CMakeFiles/cmTC_b5b9c.dir/CMakeCXXCompilerABI.cpp.o  -o cmTC_b5b9c ]
  ignore line: [Es werden eingebaute Spezifikationen verwendet.]
  ignore line: [COLLECT_GCC=/opt/pkg/compiler/gnu/gcc/4.9.2/bin/g++-4.9.2]
  ignore line: [COLLECT_LTO_WRAPPER=/opt/pkg/compiler/gnu/gcc/4.9.2/libexec/gcc/x86_64-unknown-linux-gnu/4.9.2/lto-wrapper]
  ignore line: [Ziel: x86_64-unknown-linux-gnu]
  ignore line: [Konfiguriert mit: ./configure --prefix=/opt/pkg/compiler/gnu/gcc/4.9.2 --with-gmp=/opt/pkg/numlib/gmp/5.1.1/ --with-mpfr=/opt/pkg/numlib/mpfr/3.1.2/ --with-mpc=/opt/pkg/numlib/mpc/1.0.1/ --enable-build-with-cxx --disable-multilib --oldincludedir=/usr/include:/usr/include/x86_64-linux-gnu]
  ignore line: [Thread-Modell: posix]
  ignore line: [gcc-Version 4.9.2 (GCC) ]
  ignore line: [COMPILER_PATH=/opt/pkg/compiler/gnu/gcc/4.9.2/libexec/gcc/x86_64-unknown-linux-gnu/4.9.2/:/opt/pkg/compiler/gnu/gcc/4.9.2/libexec/gcc/x86_64-unknown-linux-gnu/4.9.2/:/opt/pkg/compiler/gnu/gcc/4.9.2/libexec/gcc/x86_64-unknown-linux-gnu/:/opt/pkg/compiler/gnu/gcc/4.9.2/lib/gcc/x86_64-unknown-linux-gnu/4.9.2/:/opt/pkg/compiler/gnu/gcc/4.9.2/lib/gcc/x86_64-unknown-linux-gnu/]
  ignore line: [LIBRARY_PATH=/opt/pkg/devel/cuda/8.0/lib64/../lib64/:/opt/pkg/compiler/gnu/gcc/4.9.2/lib64/../lib64/:/opt/pkg/devel/cuda/8.0/lib64/../lib64/:/opt/pkg/compiler/gnu/gcc/4.9.2/lib/gcc/x86_64-unknown-linux-gnu/4.9.2/:/opt/pkg/compiler/gnu/gcc/4.9.2/lib/gcc/x86_64-unknown-linux-gnu/4.9.2/../../../../lib64/:/lib/x86_64-linux-gnu/:/lib/../lib64/:/usr/lib/x86_64-linux-gnu/:/usr/lib/../lib64/:/opt/pkg/devel/cuda/8.0/lib64/:/opt/pkg/compiler/gnu/gcc/4.9.2/lib64/:/opt/pkg/devel/cuda/8.0/lib64/:/opt/pkg/filelib/hdf5-parallel/1.8.20/gnu/4.9.2/64/opt/openmpi/2.1.2.cuda80/lib/:/opt/pkg/filelib/libsplash/1.7.0/gnu/4.9.2/64/opt/openmpi/2.1.2.cuda80/lib/:/opt/pkg/compiler/gnu/gcc/4.9.2/lib/gcc/x86_64-unknown-linux-gnu/4.9.2/../../../:/lib/:/usr/lib/]
  ignore line: [COLLECT_GCC_OPTIONS='-g0' '-O3' '-m64' '-v' '-o' 'cmTC_b5b9c' '-shared-libgcc' '-mtune=generic' '-march=x86-64']
  link line: [ /opt/pkg/compiler/gnu/gcc/4.9.2/libexec/gcc/x86_64-unknown-linux-gnu/4.9.2/collect2 --eh-frame-hdr -m elf_x86_64 -dynamic-linker /lib64/ld-linux-x86-64.so.2 -o cmTC_b5b9c /usr/lib/x86_64-linux-gnu/crt1.o /usr/lib/x86_64-linux-gnu/crti.o /opt/pkg/compiler/gnu/gcc/4.9.2/lib/gcc/x86_64-unknown-linux-gnu/4.9.2/crtbegin.o -L/opt/pkg/devel/cuda/8.0/lib64/../lib64 -L/opt/pkg/compiler/gnu/gcc/4.9.2/lib64/../lib64 -L/opt/pkg/devel/cuda/8.0/lib64/../lib64 -L/opt/pkg/compiler/gnu/gcc/4.9.2/lib/gcc/x86_64-unknown-linux-gnu/4.9.2 -L/opt/pkg/compiler/gnu/gcc/4.9.2/lib/gcc/x86_64-unknown-linux-gnu/4.9.2/../../../../lib64 -L/lib/x86_64-linux-gnu -L/lib/../lib64 -L/usr/lib/x86_64-linux-gnu -L/usr/lib/../lib64 -L/opt/pkg/devel/cuda/8.0/lib64 -L/opt/pkg/compiler/gnu/gcc/4.9.2/lib64 -L/opt/pkg/devel/cuda/8.0/lib64 -L/opt/pkg/filelib/hdf5-parallel/1.8.20/gnu/4.9.2/64/opt/openmpi/2.1.2.cuda80/lib -L/opt/pkg/filelib/libsplash/1.7.0/gnu/4.9.2/64/opt/openmpi/2.1.2.cuda80/lib -L/opt/pkg/compiler/gnu/gcc/4.9.2/lib/gcc/x86_64-unknown-linux-gnu/4.9.2/../../.. CMakeFiles/cmTC_b5b9c.dir/CMakeCXXCompilerABI.cpp.o -lstdc++ -lm -lgcc_s -lgcc -lc -lgcc_s -lgcc /opt/pkg/compiler/gnu/gcc/4.9.2/lib/gcc/x86_64-unknown-linux-gnu/4.9.2/crtend.o /usr/lib/x86_64-linux-gnu/crtn.o]
    arg [/opt/pkg/compiler/gnu/gcc/4.9.2/libexec/gcc/x86_64-unknown-linux-gnu/4.9.2/collect2] ==> ignore
    arg [--eh-frame-hdr] ==> ignore
    arg [-m] ==> ignore
    arg [elf_x86_64] ==> ignore
    arg [-dynamic-linker] ==> ignore
    arg [/lib64/ld-linux-x86-64.so.2] ==> ignore
    arg [-o] ==> ignore
    arg [cmTC_b5b9c] ==> ignore
    arg [/usr/lib/x86_64-linux-gnu/crt1.o] ==> ignore
    arg [/usr/lib/x86_64-linux-gnu/crti.o] ==> ignore
    arg [/opt/pkg/compiler/gnu/gcc/4.9.2/lib/gcc/x86_64-unknown-linux-gnu/4.9.2/crtbegin.o] ==> ignore
    arg [-L/opt/pkg/devel/cuda/8.0/lib64/../lib64] ==> dir [/opt/pkg/devel/cuda/8.0/lib64/../lib64]
    arg [-L/opt/pkg/compiler/gnu/gcc/4.9.2/lib64/../lib64] ==> dir [/opt/pkg/compiler/gnu/gcc/4.9.2/lib64/../lib64]
    arg [-L/opt/pkg/devel/cuda/8.0/lib64/../lib64] ==> dir [/opt/pkg/devel/cuda/8.0/lib64/../lib64]
    arg [-L/opt/pkg/compiler/gnu/gcc/4.9.2/lib/gcc/x86_64-unknown-linux-gnu/4.9.2] ==> dir [/opt/pkg/compiler/gnu/gcc/4.9.2/lib/gcc/x86_64-unknown-linux-gnu/4.9.2]
    arg [-L/opt/pkg/compiler/gnu/gcc/4.9.2/lib/gcc/x86_64-unknown-linux-gnu/4.9.2/../../../../lib64] ==> dir [/opt/pkg/compiler/gnu/gcc/4.9.2/lib/gcc/x86_64-unknown-linux-gnu/4.9.2/../../../../lib64]
    arg [-L/lib/x86_64-linux-gnu] ==> dir [/lib/x86_64-linux-gnu]
    arg [-L/lib/../lib64] ==> dir [/lib/../lib64]
    arg [-L/usr/lib/x86_64-linux-gnu] ==> dir [/usr/lib/x86_64-linux-gnu]
    arg [-L/usr/lib/../lib64] ==> dir [/usr/lib/../lib64]
    arg [-L/opt/pkg/devel/cuda/8.0/lib64] ==> dir [/opt/pkg/devel/cuda/8.0/lib64]
    arg [-L/opt/pkg/compiler/gnu/gcc/4.9.2/lib64] ==> dir [/opt/pkg/compiler/gnu/gcc/4.9.2/lib64]
    arg [-L/opt/pkg/devel/cuda/8.0/lib64] ==> dir [/opt/pkg/devel/cuda/8.0/lib64]
    arg [-L/opt/pkg/filelib/hdf5-parallel/1.8.20/gnu/4.9.2/64/opt/openmpi/2.1.2.cuda80/lib] ==> dir [/opt/pkg/filelib/hdf5-parallel/1.8.20/gnu/4.9.2/64/opt/openmpi/2.1.2.cuda80/lib]
    arg [-L/opt/pkg/filelib/libsplash/1.7.0/gnu/4.9.2/64/opt/openmpi/2.1.2.cuda80/lib] ==> dir [/opt/pkg/filelib/libsplash/1.7.0/gnu/4.9.2/64/opt/openmpi/2.1.2.cuda80/lib]
    arg [-L/opt/pkg/compiler/gnu/gcc/4.9.2/lib/gcc/x86_64-unknown-linux-gnu/4.9.2/../../..] ==> dir [/opt/pkg/compiler/gnu/gcc/4.9.2/lib/gcc/x86_64-unknown-linux-gnu/4.9.2/../../..]
    arg [CMakeFiles/cmTC_b5b9c.dir/CMakeCXXCompilerABI.cpp.o] ==> ignore
    arg [-lstdc++] ==> lib [stdc++]
    arg [-lm] ==> lib [m]
    arg [-lgcc_s] ==> lib [gcc_s]
    arg [-lgcc] ==> lib [gcc]
    arg [-lc] ==> lib [c]
    arg [-lgcc_s] ==> lib [gcc_s]
    arg [-lgcc] ==> lib [gcc]
    arg [/opt/pkg/compiler/gnu/gcc/4.9.2/lib/gcc/x86_64-unknown-linux-gnu/4.9.2/crtend.o] ==> ignore
    arg [/usr/lib/x86_64-linux-gnu/crtn.o] ==> ignore
  collapse library dir [/opt/pkg/devel/cuda/8.0/lib64/../lib64] ==> [/opt/pkg/devel/cuda/8.0/lib64]
  collapse library dir [/opt/pkg/compiler/gnu/gcc/4.9.2/lib64/../lib64] ==> [/opt/pkg/compiler/gnu/gcc/4.9.2/lib64]
  collapse library dir [/opt/pkg/devel/cuda/8.0/lib64/../lib64] ==> [/opt/pkg/devel/cuda/8.0/lib64]
  collapse library dir [/opt/pkg/compiler/gnu/gcc/4.9.2/lib/gcc/x86_64-unknown-linux-gnu/4.9.2] ==> [/opt/pkg/compiler/gnu/gcc/4.9.2/lib/gcc/x86_64-unknown-linux-gnu/4.9.2]
  collapse library dir [/opt/pkg/compiler/gnu/gcc/4.9.2/lib/gcc/x86_64-unknown-linux-gnu/4.9.2/../../../../lib64] ==> [/opt/pkg/compiler/gnu/gcc/4.9.2/lib64]
  collapse library dir [/lib/x86_64-linux-gnu] ==> [/lib/x86_64-linux-gnu]
  collapse library dir [/lib/../lib64] ==> [/lib64]
  collapse library dir [/usr/lib/x86_64-linux-gnu] ==> [/usr/lib/x86_64-linux-gnu]
  collapse library dir [/usr/lib/../lib64] ==> [/usr/lib64]
  collapse library dir [/opt/pkg/devel/cuda/8.0/lib64] ==> [/opt/pkg/devel/cuda/8.0/lib64]
  collapse library dir [/opt/pkg/compiler/gnu/gcc/4.9.2/lib64] ==> [/opt/pkg/compiler/gnu/gcc/4.9.2/lib64]
  collapse library dir [/opt/pkg/devel/cuda/8.0/lib64] ==> [/opt/pkg/devel/cuda/8.0/lib64]
  collapse library dir [/opt/pkg/filelib/hdf5-parallel/1.8.20/gnu/4.9.2/64/opt/openmpi/2.1.2.cuda80/lib] ==> [/opt/pkg/filelib/hdf5-parallel/1.8.20/gnu/4.9.2/64/opt/openmpi/2.1.2.cuda80/lib]
  collapse library dir [/opt/pkg/filelib/libsplash/1.7.0/gnu/4.9.2/64/opt/openmpi/2.1.2.cuda80/lib] ==> [/opt/pkg/filelib/libsplash/1.7.0/gnu/4.9.2/64/opt/openmpi/2.1.2.cuda80/lib]
  collapse library dir [/opt/pkg/compiler/gnu/gcc/4.9.2/lib/gcc/x86_64-unknown-linux-gnu/4.9.2/../../..] ==> [/opt/pkg/compiler/gnu/gcc/4.9.2/lib]
  implicit libs: [stdc++;m;gcc_s;gcc;c;gcc_s;gcc]
  implicit dirs: [/opt/pkg/devel/cuda/8.0/lib64;/opt/pkg/compiler/gnu/gcc/4.9.2/lib64;/opt/pkg/compiler/gnu/gcc/4.9.2/lib/gcc/x86_64-unknown-linux-gnu/4.9.2;/lib/x86_64-linux-gnu;/lib64;/usr/lib/x86_64-linux-gnu;/usr/lib64;/opt/pkg/filelib/hdf5-parallel/1.8.20/gnu/4.9.2/64/opt/openmpi/2.1.2.cuda80/lib;/opt/pkg/filelib/libsplash/1.7.0/gnu/4.9.2/64/opt/openmpi/2.1.2.cuda80/lib;/opt/pkg/compiler/gnu/gcc/4.9.2/lib]
  implicit fwks: []




Detecting CXX [-std=c++14] compiler features compiled with the following output:
Change Dir: /home/goethe93/paramSets/RampOnCopper/.build/CMakeFiles/CMakeTmp

Run Build Command:"/usr/bin/make" "cmTC_26102/fast"
/usr/bin/make -f CMakeFiles/cmTC_26102.dir/build.make CMakeFiles/cmTC_26102.dir/build
make[1]: Verzeichnis »/data/home/goethe93/paramSets/RampOnCopper/.build/CMakeFiles/CMakeTmp« wird betreten
Building CXX object CMakeFiles/cmTC_26102.dir/feature_tests.cxx.o
/opt/pkg/compiler/gnu/gcc/4.9.2/bin/g++-4.9.2    -g0 -O3 -m64    -std=c++14 -o CMakeFiles/cmTC_26102.dir/feature_tests.cxx.o -c /home/goethe93/paramSets/RampOnCopper/.build/CMakeFiles/feature_tests.cxx
Linking CXX executable cmTC_26102
/opt/pkg/devel/cmake/3.10.1/bin/cmake -E cmake_link_script CMakeFiles/cmTC_26102.dir/link.txt --verbose=1
/opt/pkg/compiler/gnu/gcc/4.9.2/bin/g++-4.9.2  -g0 -O3 -m64     CMakeFiles/cmTC_26102.dir/feature_tests.cxx.o  -o cmTC_26102 
make[1]: Verzeichnis »/data/home/goethe93/paramSets/RampOnCopper/.build/CMakeFiles/CMakeTmp« wird verlassen


    Feature record: CXX_FEATURE:0cxx_aggregate_default_initializers
    Feature record: CXX_FEATURE:1cxx_alias_templates
    Feature record: CXX_FEATURE:1cxx_alignas
    Feature record: CXX_FEATURE:1cxx_alignof
    Feature record: CXX_FEATURE:1cxx_attributes
    Feature record: CXX_FEATURE:1cxx_attribute_deprecated
    Feature record: CXX_FEATURE:1cxx_auto_type
    Feature record: CXX_FEATURE:1cxx_binary_literals
    Feature record: CXX_FEATURE:1cxx_constexpr
    Feature record: CXX_FEATURE:1cxx_contextual_conversions
    Feature record: CXX_FEATURE:1cxx_decltype
    Feature record: CXX_FEATURE:1cxx_decltype_auto
    Feature record: CXX_FEATURE:1cxx_decltype_incomplete_return_types
    Feature record: CXX_FEATURE:1cxx_default_function_template_args
    Feature record: CXX_FEATURE:1cxx_defaulted_functions
    Feature record: CXX_FEATURE:1cxx_defaulted_move_initializers
    Feature record: CXX_FEATURE:1cxx_delegating_constructors
    Feature record: CXX_FEATURE:1cxx_deleted_functions
    Feature record: CXX_FEATURE:1cxx_digit_separators
    Feature record: CXX_FEATURE:1cxx_enum_forward_declarations
    Feature record: CXX_FEATURE:1cxx_explicit_conversions
    Feature record: CXX_FEATURE:1cxx_extended_friend_declarations
    Feature record: CXX_FEATURE:1cxx_extern_templates
    Feature record: CXX_FEATURE:1cxx_final
    Feature record: CXX_FEATURE:1cxx_func_identifier
    Feature record: CXX_FEATURE:1cxx_generalized_initializers
    Feature record: CXX_FEATURE:1cxx_generic_lambdas
    Feature record: CXX_FEATURE:1cxx_inheriting_constructors
    Feature record: CXX_FEATURE:1cxx_inline_namespaces
    Feature record: CXX_FEATURE:1cxx_lambdas
    Feature record: CXX_FEATURE:1cxx_lambda_init_captures
    Feature record: CXX_FEATURE:1cxx_local_type_template_args
    Feature record: CXX_FEATURE:1cxx_long_long_type
    Feature record: CXX_FEATURE:1cxx_noexcept
    Feature record: CXX_FEATURE:1cxx_nonstatic_member_init
    Feature record: CXX_FEATURE:1cxx_nullptr
    Feature record: CXX_FEATURE:1cxx_override
    Feature record: CXX_FEATURE:1cxx_range_for
    Feature record: CXX_FEATURE:1cxx_raw_string_literals
    Feature record: CXX_FEATURE:1cxx_reference_qualified_functions
    Feature record: CXX_FEATURE:0cxx_relaxed_constexpr
    Feature record: CXX_FEATURE:1cxx_return_type_deduction
    Feature record: CXX_FEATURE:1cxx_right_angle_brackets
    Feature record: CXX_FEATURE:1cxx_rvalue_references
    Feature record: CXX_FEATURE:1cxx_sizeof_member
    Feature record: CXX_FEATURE:1cxx_static_assert
    Feature record: CXX_FEATURE:1cxx_strong_enums
    Feature record: CXX_FEATURE:1cxx_template_template_parameters
    Feature record: CXX_FEATURE:1cxx_thread_local
    Feature record: CXX_FEATURE:1cxx_trailing_return_types
    Feature record: CXX_FEATURE:1cxx_unicode_literals
    Feature record: CXX_FEATURE:1cxx_uniform_initialization
    Feature record: CXX_FEATURE:1cxx_unrestricted_unions
    Feature record: CXX_FEATURE:1cxx_user_literals
    Feature record: CXX_FEATURE:0cxx_variable_templates
    Feature record: CXX_FEATURE:1cxx_variadic_macros
    Feature record: CXX_FEATURE:1cxx_variadic_templates


Detecting CXX [-std=c++11] compiler features compiled with the following output:
Change Dir: /home/goethe93/paramSets/RampOnCopper/.build/CMakeFiles/CMakeTmp

Run Build Command:"/usr/bin/make" "cmTC_f0ef9/fast"
/usr/bin/make -f CMakeFiles/cmTC_f0ef9.dir/build.make CMakeFiles/cmTC_f0ef9.dir/build
make[1]: Verzeichnis »/data/home/goethe93/paramSets/RampOnCopper/.build/CMakeFiles/CMakeTmp« wird betreten
Building CXX object CMakeFiles/cmTC_f0ef9.dir/feature_tests.cxx.o
/opt/pkg/compiler/gnu/gcc/4.9.2/bin/g++-4.9.2    -g0 -O3 -m64    -std=c++11 -o CMakeFiles/cmTC_f0ef9.dir/feature_tests.cxx.o -c /home/goethe93/paramSets/RampOnCopper/.build/CMakeFiles/feature_tests.cxx
Linking CXX executable cmTC_f0ef9
/opt/pkg/devel/cmake/3.10.1/bin/cmake -E cmake_link_script CMakeFiles/cmTC_f0ef9.dir/link.txt --verbose=1
/opt/pkg/compiler/gnu/gcc/4.9.2/bin/g++-4.9.2  -g0 -O3 -m64     CMakeFiles/cmTC_f0ef9.dir/feature_tests.cxx.o  -o cmTC_f0ef9 
make[1]: Verzeichnis »/data/home/goethe93/paramSets/RampOnCopper/.build/CMakeFiles/CMakeTmp« wird verlassen


    Feature record: CXX_FEATURE:0cxx_aggregate_default_initializers
    Feature record: CXX_FEATURE:1cxx_alias_templates
    Feature record: CXX_FEATURE:1cxx_alignas
    Feature record: CXX_FEATURE:1cxx_alignof
    Feature record: CXX_FEATURE:1cxx_attributes
    Feature record: CXX_FEATURE:0cxx_attribute_deprecated
    Feature record: CXX_FEATURE:1cxx_auto_type
    Feature record: CXX_FEATURE:0cxx_binary_literals
    Feature record: CXX_FEATURE:1cxx_constexpr
    Feature record: CXX_FEATURE:0cxx_contextual_conversions
    Feature record: CXX_FEATURE:1cxx_decltype
    Feature record: CXX_FEATURE:0cxx_decltype_auto
    Feature record: CXX_FEATURE:1cxx_decltype_incomplete_return_types
    Feature record: CXX_FEATURE:1cxx_default_function_template_args
    Feature record: CXX_FEATURE:1cxx_defaulted_functions
    Feature record: CXX_FEATURE:1cxx_defaulted_move_initializers
    Feature record: CXX_FEATURE:1cxx_delegating_constructors
    Feature record: CXX_FEATURE:1cxx_deleted_functions
    Feature record: CXX_FEATURE:0cxx_digit_separators
    Feature record: CXX_FEATURE:1cxx_enum_forward_declarations
    Feature record: CXX_FEATURE:1cxx_explicit_conversions
    Feature record: CXX_FEATURE:1cxx_extended_friend_declarations
    Feature record: CXX_FEATURE:1cxx_extern_templates
    Feature record: CXX_FEATURE:1cxx_final
    Feature record: CXX_FEATURE:1cxx_func_identifier
    Feature record: CXX_FEATURE:1cxx_generalized_initializers
    Feature record: CXX_FEATURE:0cxx_generic_lambdas
    Feature record: CXX_FEATURE:1cxx_inheriting_constructors
    Feature record: CXX_FEATURE:1cxx_inline_namespaces
    Feature record: CXX_FEATURE:1cxx_lambdas
    Feature record: CXX_FEATURE:0cxx_lambda_init_captures
    Feature record: CXX_FEATURE:1cxx_local_type_template_args
    Feature record: CXX_FEATURE:1cxx_long_long_type
    Feature record: CXX_FEATURE:1cxx_noexcept
    Feature record: CXX_FEATURE:1cxx_nonstatic_member_init
    Feature record: CXX_FEATURE:1cxx_nullptr
    Feature record: CXX_FEATURE:1cxx_override
    Feature record: CXX_FEATURE:1cxx_range_for
    Feature record: CXX_FEATURE:1cxx_raw_string_literals
    Feature record: CXX_FEATURE:1cxx_reference_qualified_functions
    Feature record: CXX_FEATURE:0cxx_relaxed_constexpr
    Feature record: CXX_FEATURE:0cxx_return_type_deduction
    Feature record: CXX_FEATURE:1cxx_right_angle_brackets
    Feature record: CXX_FEATURE:1cxx_rvalue_references
    Feature record: CXX_FEATURE:1cxx_sizeof_member
    Feature record: CXX_FEATURE:1cxx_static_assert
    Feature record: CXX_FEATURE:1cxx_strong_enums
    Feature record: CXX_FEATURE:1cxx_template_template_parameters
    Feature record: CXX_FEATURE:1cxx_thread_local
    Feature record: CXX_FEATURE:1cxx_trailing_return_types
    Feature record: CXX_FEATURE:1cxx_unicode_literals
    Feature record: CXX_FEATURE:1cxx_uniform_initialization
    Feature record: CXX_FEATURE:1cxx_unrestricted_unions
    Feature record: CXX_FEATURE:1cxx_user_literals
    Feature record: CXX_FEATURE:0cxx_variable_templates
    Feature record: CXX_FEATURE:1cxx_variadic_macros
    Feature record: CXX_FEATURE:1cxx_variadic_templates


Detecting CXX [-std=c++98] compiler features compiled with the following output:
Change Dir: /home/goethe93/paramSets/RampOnCopper/.build/CMakeFiles/CMakeTmp

Run Build Command:"/usr/bin/make" "cmTC_9dd74/fast"
/usr/bin/make -f CMakeFiles/cmTC_9dd74.dir/build.make CMakeFiles/cmTC_9dd74.dir/build
make[1]: Verzeichnis »/data/home/goethe93/paramSets/RampOnCopper/.build/CMakeFiles/CMakeTmp« wird betreten
Building CXX object CMakeFiles/cmTC_9dd74.dir/feature_tests.cxx.o
/opt/pkg/compiler/gnu/gcc/4.9.2/bin/g++-4.9.2    -g0 -O3 -m64    -std=c++98 -o CMakeFiles/cmTC_9dd74.dir/feature_tests.cxx.o -c /home/goethe93/paramSets/RampOnCopper/.build/CMakeFiles/feature_tests.cxx
Linking CXX executable cmTC_9dd74
/opt/pkg/devel/cmake/3.10.1/bin/cmake -E cmake_link_script CMakeFiles/cmTC_9dd74.dir/link.txt --verbose=1
/opt/pkg/compiler/gnu/gcc/4.9.2/bin/g++-4.9.2  -g0 -O3 -m64     CMakeFiles/cmTC_9dd74.dir/feature_tests.cxx.o  -o cmTC_9dd74 
make[1]: Verzeichnis »/data/home/goethe93/paramSets/RampOnCopper/.build/CMakeFiles/CMakeTmp« wird verlassen


    Feature record: CXX_FEATURE:0cxx_aggregate_default_initializers
    Feature record: CXX_FEATURE:0cxx_alias_templates
    Feature record: CXX_FEATURE:0cxx_alignas
    Feature record: CXX_FEATURE:0cxx_alignof
    Feature record: CXX_FEATURE:0cxx_attributes
    Feature record: CXX_FEATURE:0cxx_attribute_deprecated
    Feature record: CXX_FEATURE:0cxx_auto_type
    Feature record: CXX_FEATURE:0cxx_binary_literals
    Feature record: CXX_FEATURE:0cxx_constexpr
    Feature record: CXX_FEATURE:0cxx_contextual_conversions
    Feature record: CXX_FEATURE:0cxx_decltype
    Feature record: CXX_FEATURE:0cxx_decltype_auto
    Feature record: CXX_FEATURE:0cxx_decltype_incomplete_return_types
    Feature record: CXX_FEATURE:0cxx_default_function_template_args
    Feature record: CXX_FEATURE:0cxx_defaulted_functions
    Feature record: CXX_FEATURE:0cxx_defaulted_move_initializers
    Feature record: CXX_FEATURE:0cxx_delegating_constructors
    Feature record: CXX_FEATURE:0cxx_deleted_functions
    Feature record: CXX_FEATURE:0cxx_digit_separators
    Feature record: CXX_FEATURE:0cxx_enum_forward_declarations
    Feature record: CXX_FEATURE:0cxx_explicit_conversions
    Feature record: CXX_FEATURE:0cxx_extended_friend_declarations
    Feature record: CXX_FEATURE:0cxx_extern_templates
    Feature record: CXX_FEATURE:0cxx_final
    Feature record: CXX_FEATURE:0cxx_func_identifier
    Feature record: CXX_FEATURE:0cxx_generalized_initializers
    Feature record: CXX_FEATURE:0cxx_generic_lambdas
    Feature record: CXX_FEATURE:0cxx_inheriting_constructors
    Feature record: CXX_FEATURE:0cxx_inline_namespaces
    Feature record: CXX_FEATURE:0cxx_lambdas
    Feature record: CXX_FEATURE:0cxx_lambda_init_captures
    Feature record: CXX_FEATURE:0cxx_local_type_template_args
    Feature record: CXX_FEATURE:0cxx_long_long_type
    Feature record: CXX_FEATURE:0cxx_noexcept
    Feature record: CXX_FEATURE:0cxx_nonstatic_member_init
    Feature record: CXX_FEATURE:0cxx_nullptr
    Feature record: CXX_FEATURE:0cxx_override
    Feature record: CXX_FEATURE:0cxx_range_for
    Feature record: CXX_FEATURE:0cxx_raw_string_literals
    Feature record: CXX_FEATURE:0cxx_reference_qualified_functions
    Feature record: CXX_FEATURE:0cxx_relaxed_constexpr
    Feature record: CXX_FEATURE:0cxx_return_type_deduction
    Feature record: CXX_FEATURE:0cxx_right_angle_brackets
    Feature record: CXX_FEATURE:0cxx_rvalue_references
    Feature record: CXX_FEATURE:0cxx_sizeof_member
    Feature record: CXX_FEATURE:0cxx_static_assert
    Feature record: CXX_FEATURE:0cxx_strong_enums
    Feature record: CXX_FEATURE:1cxx_template_template_parameters
    Feature record: CXX_FEATURE:0cxx_thread_local
    Feature record: CXX_FEATURE:0cxx_trailing_return_types
    Feature record: CXX_FEATURE:0cxx_unicode_literals
    Feature record: CXX_FEATURE:0cxx_uniform_initialization
    Feature record: CXX_FEATURE:0cxx_unrestricted_unions
    Feature record: CXX_FEATURE:0cxx_user_literals
    Feature record: CXX_FEATURE:0cxx_variable_templates
    Feature record: CXX_FEATURE:0cxx_variadic_macros
    Feature record: CXX_FEATURE:0cxx_variadic_templates
Determining if the include file pthread.h exists passed with the following output:
Change Dir: /home/goethe93/paramSets/RampOnCopper/.build/CMakeFiles/CMakeTmp

Run Build Command:"/usr/bin/make" "cmTC_da57a/fast"
/usr/bin/make -f CMakeFiles/cmTC_da57a.dir/build.make CMakeFiles/cmTC_da57a.dir/build
make[1]: Verzeichnis »/data/home/goethe93/paramSets/RampOnCopper/.build/CMakeFiles/CMakeTmp« wird betreten
Building C object CMakeFiles/cmTC_da57a.dir/CheckIncludeFile.c.o
/opt/pkg/compiler/gnu/gcc/4.9.2/bin/gcc-4.9.2   -fPIC    -o CMakeFiles/cmTC_da57a.dir/CheckIncludeFile.c.o   -c /home/goethe93/paramSets/RampOnCopper/.build/CMakeFiles/CMakeTmp/CheckIncludeFile.c
Linking C executable cmTC_da57a
/opt/pkg/devel/cmake/3.10.1/bin/cmake -E cmake_link_script CMakeFiles/cmTC_da57a.dir/link.txt --verbose=1
/opt/pkg/compiler/gnu/gcc/4.9.2/bin/gcc-4.9.2 -fPIC     CMakeFiles/cmTC_da57a.dir/CheckIncludeFile.c.o  -o cmTC_da57a 
make[1]: Verzeichnis »/data/home/goethe93/paramSets/RampOnCopper/.build/CMakeFiles/CMakeTmp« wird verlassen


Determining if the function pthread_create exists in the pthread passed with the following output:
Change Dir: /home/goethe93/paramSets/RampOnCopper/.build/CMakeFiles/CMakeTmp

Run Build Command:"/usr/bin/make" "cmTC_02883/fast"
/usr/bin/make -f CMakeFiles/cmTC_02883.dir/build.make CMakeFiles/cmTC_02883.dir/build
make[1]: Verzeichnis »/data/home/goethe93/paramSets/RampOnCopper/.build/CMakeFiles/CMakeTmp« wird betreten
Building C object CMakeFiles/cmTC_02883.dir/CheckFunctionExists.c.o
/opt/pkg/compiler/gnu/gcc/4.9.2/bin/gcc-4.9.2   -fPIC -DCHECK_FUNCTION_EXISTS=pthread_create   -o CMakeFiles/cmTC_02883.dir/CheckFunctionExists.c.o   -c /opt/pkg/devel/cmake/3.10.1/share/cmake-3.10/Modules/CheckFunctionExists.c
Linking C executable cmTC_02883
/opt/pkg/devel/cmake/3.10.1/bin/cmake -E cmake_link_script CMakeFiles/cmTC_02883.dir/link.txt --verbose=1
/opt/pkg/compiler/gnu/gcc/4.9.2/bin/gcc-4.9.2 -fPIC -DCHECK_FUNCTION_EXISTS=pthread_create    CMakeFiles/cmTC_02883.dir/CheckFunctionExists.c.o  -o cmTC_02883 -lpthread 
make[1]: Verzeichnis »/data/home/goethe93/paramSets/RampOnCopper/.build/CMakeFiles/CMakeTmp« wird verlassen


Detecting C OpenMP compiler ABI info compiled with the following output:
Change Dir: /home/goethe93/paramSets/RampOnCopper/.build/CMakeFiles/CMakeTmp

Run Build Command:"/usr/bin/make" "cmTC_662cc/fast"
/usr/bin/make -f CMakeFiles/cmTC_662cc.dir/build.make CMakeFiles/cmTC_662cc.dir/build
make[1]: Verzeichnis »/data/home/goethe93/paramSets/RampOnCopper/.build/CMakeFiles/CMakeTmp« wird betreten
Building C object CMakeFiles/cmTC_662cc.dir/OpenMPTryFlag.c.o
/opt/pkg/compiler/gnu/gcc/4.9.2/bin/gcc-4.9.2   -fopenmp -v   -o CMakeFiles/cmTC_662cc.dir/OpenMPTryFlag.c.o   -c /home/goethe93/paramSets/RampOnCopper/.build/CMakeFiles/FindOpenMP/OpenMPTryFlag.c
Es werden eingebaute Spezifikationen verwendet.
COLLECT_GCC=/opt/pkg/compiler/gnu/gcc/4.9.2/bin/gcc-4.9.2
Ziel: x86_64-unknown-linux-gnu
Konfiguriert mit: ./configure --prefix=/opt/pkg/compiler/gnu/gcc/4.9.2 --with-gmp=/opt/pkg/numlib/gmp/5.1.1/ --with-mpfr=/opt/pkg/numlib/mpfr/3.1.2/ --with-mpc=/opt/pkg/numlib/mpc/1.0.1/ --enable-build-with-cxx --disable-multilib --oldincludedir=/usr/include:/usr/include/x86_64-linux-gnu
Thread-Modell: posix
gcc-Version 4.9.2 (GCC) 
COLLECT_GCC_OPTIONS='-fopenmp' '-v' '-o' 'CMakeFiles/cmTC_662cc.dir/OpenMPTryFlag.c.o' '-c' '-mtune=generic' '-march=x86-64' '-pthread'
 /opt/pkg/compiler/gnu/gcc/4.9.2/libexec/gcc/x86_64-unknown-linux-gnu/4.9.2/cc1 -quiet -v -imultiarch x86_64-linux-gnu -D_REENTRANT /home/goethe93/paramSets/RampOnCopper/.build/CMakeFiles/FindOpenMP/OpenMPTryFlag.c -quiet -dumpbase OpenMPTryFlag.c -mtune=generic -march=x86-64 -auxbase-strip CMakeFiles/cmTC_662cc.dir/OpenMPTryFlag.c.o -version -fopenmp -o /tmp/ccKz7sE6.s
GNU C (GCC) Version 4.9.2 (x86_64-unknown-linux-gnu)
	kompiliert von GNU-C-Version 4.9.2, GMP-Version 5.1.1, MPFR-Version 3.1.2, MPC-Version 1.0.1.
GGC-Heuristik: --param ggc-min-expand=100 --param ggc-min-heapsize=131072
nicht vorhandenes Verzeichnis »/usr/local/include/x86_64-linux-gnu« wird ignoriert
nicht vorhandenes Verzeichnis »/opt/pkg/compiler/gnu/gcc/4.9.2/lib/gcc/x86_64-unknown-linux-gnu/4.9.2/../../../../x86_64-unknown-linux-gnu/include« wird ignoriert
#include "..." - Suche beginnt hier:
#include <...> - Suche beginnt hier:
 /opt/pkg/devel/cuda/8.0/include
 /opt/pkg/numlib/gmp/5.1.1/include
 /opt/pkg/numlib/mpc/1.0.1/include
 /opt/pkg/numlib/mpfr/3.1.2/include
 /opt/pkg/filelib/hdf5-parallel/1.8.20/gnu/4.9.2/64/opt/openmpi/2.1.2.cuda80/include
 /opt/pkg/filelib/libsplash/1.7.0/gnu/4.9.2/64/opt/openmpi/2.1.2.cuda80/include
 /opt/pkg/devel/boost/1.62.0/gnu/4.9.2/64/opt/include
 /opt/pkg/compiler/gnu/gcc/4.9.2/lib/gcc/x86_64-unknown-linux-gnu/4.9.2/include
 /usr/local/include
 /opt/pkg/compiler/gnu/gcc/4.9.2/include
 /opt/pkg/compiler/gnu/gcc/4.9.2/lib/gcc/x86_64-unknown-linux-gnu/4.9.2/include-fixed
 /usr/include/x86_64-linux-gnu
 /usr/include
Ende der Suchliste.
GNU C (GCC) Version 4.9.2 (x86_64-unknown-linux-gnu)
	kompiliert von GNU-C-Version 4.9.2, GMP-Version 5.1.1, MPFR-Version 3.1.2, MPC-Version 1.0.1.
GGC-Heuristik: --param ggc-min-expand=100 --param ggc-min-heapsize=131072
Compiler executable checksum: c4b34371d35c10926da5d603a356ab8f
COLLECT_GCC_OPTIONS='-fopenmp' '-v' '-o' 'CMakeFiles/cmTC_662cc.dir/OpenMPTryFlag.c.o' '-c' '-mtune=generic' '-march=x86-64' '-pthread'
 as -v --64 -o CMakeFiles/cmTC_662cc.dir/OpenMPTryFlag.c.o /tmp/ccKz7sE6.s
Die GNU-Assembler-Version 2.24 (x86_64-linux-gnu) benutzt die BFD-Version (GNU Binutils for Ubuntu) 2.24
COMPILER_PATH=/opt/pkg/compiler/gnu/gcc/4.9.2/libexec/gcc/x86_64-unknown-linux-gnu/4.9.2/:/opt/pkg/compiler/gnu/gcc/4.9.2/libexec/gcc/x86_64-unknown-linux-gnu/4.9.2/:/opt/pkg/compiler/gnu/gcc/4.9.2/libexec/gcc/x86_64-unknown-linux-gnu/:/opt/pkg/compiler/gnu/gcc/4.9.2/lib/gcc/x86_64-unknown-linux-gnu/4.9.2/:/opt/pkg/compiler/gnu/gcc/4.9.2/lib/gcc/x86_64-unknown-linux-gnu/
LIBRARY_PATH=/opt/pkg/devel/cuda/8.0/lib64/../lib64/:/opt/pkg/compiler/gnu/gcc/4.9.2/lib64/../lib64/:/opt/pkg/devel/cuda/8.0/lib64/../lib64/:/opt/pkg/compiler/gnu/gcc/4.9.2/lib/gcc/x86_64-unknown-linux-gnu/4.9.2/:/opt/pkg/compiler/gnu/gcc/4.9.2/lib/gcc/x86_64-unknown-linux-gnu/4.9.2/../../../../lib64/:/lib/x86_64-linux-gnu/:/lib/../lib64/:/usr/lib/x86_64-linux-gnu/:/usr/lib/../lib64/:/opt/pkg/devel/cuda/8.0/lib64/:/opt/pkg/compiler/gnu/gcc/4.9.2/lib64/:/opt/pkg/devel/cuda/8.0/lib64/:/opt/pkg/filelib/hdf5-parallel/1.8.20/gnu/4.9.2/64/opt/openmpi/2.1.2.cuda80/lib/:/opt/pkg/filelib/libsplash/1.7.0/gnu/4.9.2/64/opt/openmpi/2.1.2.cuda80/lib/:/opt/pkg/compiler/gnu/gcc/4.9.2/lib/gcc/x86_64-unknown-linux-gnu/4.9.2/../../../:/lib/:/usr/lib/
COLLECT_GCC_OPTIONS='-fopenmp' '-v' '-o' 'CMakeFiles/cmTC_662cc.dir/OpenMPTryFlag.c.o' '-c' '-mtune=generic' '-march=x86-64' '-pthread'
Linking C executable cmTC_662cc
/opt/pkg/devel/cmake/3.10.1/bin/cmake -E cmake_link_script CMakeFiles/cmTC_662cc.dir/link.txt --verbose=1
/opt/pkg/compiler/gnu/gcc/4.9.2/bin/gcc-4.9.2  -fopenmp -v    CMakeFiles/cmTC_662cc.dir/OpenMPTryFlag.c.o  -o cmTC_662cc -v 
Es werden eingebaute Spezifikationen verwendet.
COLLECT_GCC=/opt/pkg/compiler/gnu/gcc/4.9.2/bin/gcc-4.9.2
COLLECT_LTO_WRAPPER=/opt/pkg/compiler/gnu/gcc/4.9.2/libexec/gcc/x86_64-unknown-linux-gnu/4.9.2/lto-wrapper
Ziel: x86_64-unknown-linux-gnu
Konfiguriert mit: ./configure --prefix=/opt/pkg/compiler/gnu/gcc/4.9.2 --with-gmp=/opt/pkg/numlib/gmp/5.1.1/ --with-mpfr=/opt/pkg/numlib/mpfr/3.1.2/ --with-mpc=/opt/pkg/numlib/mpc/1.0.1/ --enable-build-with-cxx --disable-multilib --oldincludedir=/usr/include:/usr/include/x86_64-linux-gnu
Thread-Modell: posix
gcc-Version 4.9.2 (GCC) 
COMPILER_PATH=/opt/pkg/compiler/gnu/gcc/4.9.2/libexec/gcc/x86_64-unknown-linux-gnu/4.9.2/:/opt/pkg/compiler/gnu/gcc/4.9.2/libexec/gcc/x86_64-unknown-linux-gnu/4.9.2/:/opt/pkg/compiler/gnu/gcc/4.9.2/libexec/gcc/x86_64-unknown-linux-gnu/:/opt/pkg/compiler/gnu/gcc/4.9.2/lib/gcc/x86_64-unknown-linux-gnu/4.9.2/:/opt/pkg/compiler/gnu/gcc/4.9.2/lib/gcc/x86_64-unknown-linux-gnu/
LIBRARY_PATH=/opt/pkg/devel/cuda/8.0/lib64/../lib64/:/opt/pkg/compiler/gnu/gcc/4.9.2/lib64/../lib64/:/opt/pkg/devel/cuda/8.0/lib64/../lib64/:/opt/pkg/compiler/gnu/gcc/4.9.2/lib/gcc/x86_64-unknown-linux-gnu/4.9.2/:/opt/pkg/compiler/gnu/gcc/4.9.2/lib/gcc/x86_64-unknown-linux-gnu/4.9.2/../../../../lib64/:/lib/x86_64-linux-gnu/:/lib/../lib64/:/usr/lib/x86_64-linux-gnu/:/usr/lib/../lib64/:/opt/pkg/devel/cuda/8.0/lib64/:/opt/pkg/compiler/gnu/gcc/4.9.2/lib64/:/opt/pkg/devel/cuda/8.0/lib64/:/opt/pkg/filelib/hdf5-parallel/1.8.20/gnu/4.9.2/64/opt/openmpi/2.1.2.cuda80/lib/:/opt/pkg/filelib/libsplash/1.7.0/gnu/4.9.2/64/opt/openmpi/2.1.2.cuda80/lib/:/opt/pkg/compiler/gnu/gcc/4.9.2/lib/gcc/x86_64-unknown-linux-gnu/4.9.2/../../../:/lib/:/usr/lib/
Lesen der Spezifikationen von /opt/pkg/compiler/gnu/gcc/4.9.2/lib64/../lib64/libgomp.spec
COLLECT_GCC_OPTIONS='-fopenmp' '-v' '-o' 'cmTC_662cc' '-v' '-mtune=generic' '-march=x86-64' '-pthread'
 /opt/pkg/compiler/gnu/gcc/4.9.2/libexec/gcc/x86_64-unknown-linux-gnu/4.9.2/collect2 --eh-frame-hdr -m elf_x86_64 -dynamic-linker /lib64/ld-linux-x86-64.so.2 -o cmTC_662cc /usr/lib/x86_64-linux-gnu/crt1.o /usr/lib/x86_64-linux-gnu/crti.o /opt/pkg/compiler/gnu/gcc/4.9.2/lib/gcc/x86_64-unknown-linux-gnu/4.9.2/crtbegin.o -L/opt/pkg/devel/cuda/8.0/lib64/../lib64 -L/opt/pkg/compiler/gnu/gcc/4.9.2/lib64/../lib64 -L/opt/pkg/devel/cuda/8.0/lib64/../lib64 -L/opt/pkg/compiler/gnu/gcc/4.9.2/lib/gcc/x86_64-unknown-linux-gnu/4.9.2 -L/opt/pkg/compiler/gnu/gcc/4.9.2/lib/gcc/x86_64-unknown-linux-gnu/4.9.2/../../../../lib64 -L/lib/x86_64-linux-gnu -L/lib/../lib64 -L/usr/lib/x86_64-linux-gnu -L/usr/lib/../lib64 -L/opt/pkg/devel/cuda/8.0/lib64 -L/opt/pkg/compiler/gnu/gcc/4.9.2/lib64 -L/opt/pkg/devel/cuda/8.0/lib64 -L/opt/pkg/filelib/hdf5-parallel/1.8.20/gnu/4.9.2/64/opt/openmpi/2.1.2.cuda80/lib -L/opt/pkg/filelib/libsplash/1.7.0/gnu/4.9.2/64/opt/openmpi/2.1.2.cuda80/lib -L/opt/pkg/compiler/gnu/gcc/4.9.2/lib/gcc/x86_64-unknown-linux-gnu/4.9.2/../../.. CMakeFiles/cmTC_662cc.dir/OpenMPTryFlag.c.o -lgomp -lgcc --as-needed -lgcc_s --no-as-needed -lpthread -lc -lgcc --as-needed -lgcc_s --no-as-needed /opt/pkg/compiler/gnu/gcc/4.9.2/lib/gcc/x86_64-unknown-linux-gnu/4.9.2/crtend.o /usr/lib/x86_64-linux-gnu/crtn.o
make[1]: Verzeichnis »/data/home/goethe93/paramSets/RampOnCopper/.build/CMakeFiles/CMakeTmp« wird verlassen


Parsed C OpenMP implicit link information from above output:
  link line regex: [^( *|.*[/\])(ld|CMAKE_LINK_STARTFILE-NOTFOUND|([^/\]+-)?ld|collect2)[^/\]*( |$)]
  ignore line: [Change Dir: /home/goethe93/paramSets/RampOnCopper/.build/CMakeFiles/CMakeTmp]
  ignore line: []
  ignore line: [Run Build Command:"/usr/bin/make" "cmTC_662cc/fast"]
  ignore line: [/usr/bin/make -f CMakeFiles/cmTC_662cc.dir/build.make CMakeFiles/cmTC_662cc.dir/build]
  ignore line: [make[1]: Verzeichnis »/data/home/goethe93/paramSets/RampOnCopper/.build/CMakeFiles/CMakeTmp« wird betreten]
  ignore line: [Building C object CMakeFiles/cmTC_662cc.dir/OpenMPTryFlag.c.o]
  ignore line: [/opt/pkg/compiler/gnu/gcc/4.9.2/bin/gcc-4.9.2   -fopenmp -v   -o CMakeFiles/cmTC_662cc.dir/OpenMPTryFlag.c.o   -c /home/goethe93/paramSets/RampOnCopper/.build/CMakeFiles/FindOpenMP/OpenMPTryFlag.c]
  ignore line: [Es werden eingebaute Spezifikationen verwendet.]
  ignore line: [COLLECT_GCC=/opt/pkg/compiler/gnu/gcc/4.9.2/bin/gcc-4.9.2]
  ignore line: [Ziel: x86_64-unknown-linux-gnu]
  ignore line: [Konfiguriert mit: ./configure --prefix=/opt/pkg/compiler/gnu/gcc/4.9.2 --with-gmp=/opt/pkg/numlib/gmp/5.1.1/ --with-mpfr=/opt/pkg/numlib/mpfr/3.1.2/ --with-mpc=/opt/pkg/numlib/mpc/1.0.1/ --enable-build-with-cxx --disable-multilib --oldincludedir=/usr/include:/usr/include/x86_64-linux-gnu]
  ignore line: [Thread-Modell: posix]
  ignore line: [gcc-Version 4.9.2 (GCC) ]
  ignore line: [COLLECT_GCC_OPTIONS='-fopenmp' '-v' '-o' 'CMakeFiles/cmTC_662cc.dir/OpenMPTryFlag.c.o' '-c' '-mtune=generic' '-march=x86-64' '-pthread']
  ignore line: [ /opt/pkg/compiler/gnu/gcc/4.9.2/libexec/gcc/x86_64-unknown-linux-gnu/4.9.2/cc1 -quiet -v -imultiarch x86_64-linux-gnu -D_REENTRANT /home/goethe93/paramSets/RampOnCopper/.build/CMakeFiles/FindOpenMP/OpenMPTryFlag.c -quiet -dumpbase OpenMPTryFlag.c -mtune=generic -march=x86-64 -auxbase-strip CMakeFiles/cmTC_662cc.dir/OpenMPTryFlag.c.o -version -fopenmp -o /tmp/ccKz7sE6.s]
  ignore line: [GNU C (GCC) Version 4.9.2 (x86_64-unknown-linux-gnu)]
  ignore line: [	kompiliert von GNU-C-Version 4.9.2, GMP-Version 5.1.1, MPFR-Version 3.1.2, MPC-Version 1.0.1.]
  ignore line: [GGC-Heuristik: --param ggc-min-expand=100 --param ggc-min-heapsize=131072]
  ignore line: [nicht vorhandenes Verzeichnis »/usr/local/include/x86_64-linux-gnu« wird ignoriert]
  ignore line: [nicht vorhandenes Verzeichnis »/opt/pkg/compiler/gnu/gcc/4.9.2/lib/gcc/x86_64-unknown-linux-gnu/4.9.2/../../../../x86_64-unknown-linux-gnu/include« wird ignoriert]
  ignore line: [#include "..." - Suche beginnt hier:]
  ignore line: [#include <...> - Suche beginnt hier:]
  ignore line: [ /opt/pkg/devel/cuda/8.0/include]
  ignore line: [ /opt/pkg/numlib/gmp/5.1.1/include]
  ignore line: [ /opt/pkg/numlib/mpc/1.0.1/include]
  ignore line: [ /opt/pkg/numlib/mpfr/3.1.2/include]
  ignore line: [ /opt/pkg/filelib/hdf5-parallel/1.8.20/gnu/4.9.2/64/opt/openmpi/2.1.2.cuda80/include]
  ignore line: [ /opt/pkg/filelib/libsplash/1.7.0/gnu/4.9.2/64/opt/openmpi/2.1.2.cuda80/include]
  ignore line: [ /opt/pkg/devel/boost/1.62.0/gnu/4.9.2/64/opt/include]
  ignore line: [ /opt/pkg/compiler/gnu/gcc/4.9.2/lib/gcc/x86_64-unknown-linux-gnu/4.9.2/include]
  ignore line: [ /usr/local/include]
  ignore line: [ /opt/pkg/compiler/gnu/gcc/4.9.2/include]
  ignore line: [ /opt/pkg/compiler/gnu/gcc/4.9.2/lib/gcc/x86_64-unknown-linux-gnu/4.9.2/include-fixed]
  ignore line: [ /usr/include/x86_64-linux-gnu]
  ignore line: [ /usr/include]
  ignore line: [Ende der Suchliste.]
  ignore line: [GNU C (GCC) Version 4.9.2 (x86_64-unknown-linux-gnu)]
  ignore line: [	kompiliert von GNU-C-Version 4.9.2, GMP-Version 5.1.1, MPFR-Version 3.1.2, MPC-Version 1.0.1.]
  ignore line: [GGC-Heuristik: --param ggc-min-expand=100 --param ggc-min-heapsize=131072]
  ignore line: [Compiler executable checksum: c4b34371d35c10926da5d603a356ab8f]
  ignore line: [COLLECT_GCC_OPTIONS='-fopenmp' '-v' '-o' 'CMakeFiles/cmTC_662cc.dir/OpenMPTryFlag.c.o' '-c' '-mtune=generic' '-march=x86-64' '-pthread']
  ignore line: [ as -v --64 -o CMakeFiles/cmTC_662cc.dir/OpenMPTryFlag.c.o /tmp/ccKz7sE6.s]
  ignore line: [Die GNU-Assembler-Version 2.24 (x86_64-linux-gnu) benutzt die BFD-Version (GNU Binutils for Ubuntu) 2.24]
  ignore line: [COMPILER_PATH=/opt/pkg/compiler/gnu/gcc/4.9.2/libexec/gcc/x86_64-unknown-linux-gnu/4.9.2/:/opt/pkg/compiler/gnu/gcc/4.9.2/libexec/gcc/x86_64-unknown-linux-gnu/4.9.2/:/opt/pkg/compiler/gnu/gcc/4.9.2/libexec/gcc/x86_64-unknown-linux-gnu/:/opt/pkg/compiler/gnu/gcc/4.9.2/lib/gcc/x86_64-unknown-linux-gnu/4.9.2/:/opt/pkg/compiler/gnu/gcc/4.9.2/lib/gcc/x86_64-unknown-linux-gnu/]
  ignore line: [LIBRARY_PATH=/opt/pkg/devel/cuda/8.0/lib64/../lib64/:/opt/pkg/compiler/gnu/gcc/4.9.2/lib64/../lib64/:/opt/pkg/devel/cuda/8.0/lib64/../lib64/:/opt/pkg/compiler/gnu/gcc/4.9.2/lib/gcc/x86_64-unknown-linux-gnu/4.9.2/:/opt/pkg/compiler/gnu/gcc/4.9.2/lib/gcc/x86_64-unknown-linux-gnu/4.9.2/../../../../lib64/:/lib/x86_64-linux-gnu/:/lib/../lib64/:/usr/lib/x86_64-linux-gnu/:/usr/lib/../lib64/:/opt/pkg/devel/cuda/8.0/lib64/:/opt/pkg/compiler/gnu/gcc/4.9.2/lib64/:/opt/pkg/devel/cuda/8.0/lib64/:/opt/pkg/filelib/hdf5-parallel/1.8.20/gnu/4.9.2/64/opt/openmpi/2.1.2.cuda80/lib/:/opt/pkg/filelib/libsplash/1.7.0/gnu/4.9.2/64/opt/openmpi/2.1.2.cuda80/lib/:/opt/pkg/compiler/gnu/gcc/4.9.2/lib/gcc/x86_64-unknown-linux-gnu/4.9.2/../../../:/lib/:/usr/lib/]
  ignore line: [COLLECT_GCC_OPTIONS='-fopenmp' '-v' '-o' 'CMakeFiles/cmTC_662cc.dir/OpenMPTryFlag.c.o' '-c' '-mtune=generic' '-march=x86-64' '-pthread']
  ignore line: [Linking C executable cmTC_662cc]
  ignore line: [/opt/pkg/devel/cmake/3.10.1/bin/cmake -E cmake_link_script CMakeFiles/cmTC_662cc.dir/link.txt --verbose=1]
  ignore line: [/opt/pkg/compiler/gnu/gcc/4.9.2/bin/gcc-4.9.2  -fopenmp -v    CMakeFiles/cmTC_662cc.dir/OpenMPTryFlag.c.o  -o cmTC_662cc -v ]
  ignore line: [Es werden eingebaute Spezifikationen verwendet.]
  ignore line: [COLLECT_GCC=/opt/pkg/compiler/gnu/gcc/4.9.2/bin/gcc-4.9.2]
  ignore line: [COLLECT_LTO_WRAPPER=/opt/pkg/compiler/gnu/gcc/4.9.2/libexec/gcc/x86_64-unknown-linux-gnu/4.9.2/lto-wrapper]
  ignore line: [Ziel: x86_64-unknown-linux-gnu]
  ignore line: [Konfiguriert mit: ./configure --prefix=/opt/pkg/compiler/gnu/gcc/4.9.2 --with-gmp=/opt/pkg/numlib/gmp/5.1.1/ --with-mpfr=/opt/pkg/numlib/mpfr/3.1.2/ --with-mpc=/opt/pkg/numlib/mpc/1.0.1/ --enable-build-with-cxx --disable-multilib --oldincludedir=/usr/include:/usr/include/x86_64-linux-gnu]
  ignore line: [Thread-Modell: posix]
  ignore line: [gcc-Version 4.9.2 (GCC) ]
  ignore line: [COMPILER_PATH=/opt/pkg/compiler/gnu/gcc/4.9.2/libexec/gcc/x86_64-unknown-linux-gnu/4.9.2/:/opt/pkg/compiler/gnu/gcc/4.9.2/libexec/gcc/x86_64-unknown-linux-gnu/4.9.2/:/opt/pkg/compiler/gnu/gcc/4.9.2/libexec/gcc/x86_64-unknown-linux-gnu/:/opt/pkg/compiler/gnu/gcc/4.9.2/lib/gcc/x86_64-unknown-linux-gnu/4.9.2/:/opt/pkg/compiler/gnu/gcc/4.9.2/lib/gcc/x86_64-unknown-linux-gnu/]
  ignore line: [LIBRARY_PATH=/opt/pkg/devel/cuda/8.0/lib64/../lib64/:/opt/pkg/compiler/gnu/gcc/4.9.2/lib64/../lib64/:/opt/pkg/devel/cuda/8.0/lib64/../lib64/:/opt/pkg/compiler/gnu/gcc/4.9.2/lib/gcc/x86_64-unknown-linux-gnu/4.9.2/:/opt/pkg/compiler/gnu/gcc/4.9.2/lib/gcc/x86_64-unknown-linux-gnu/4.9.2/../../../../lib64/:/lib/x86_64-linux-gnu/:/lib/../lib64/:/usr/lib/x86_64-linux-gnu/:/usr/lib/../lib64/:/opt/pkg/devel/cuda/8.0/lib64/:/opt/pkg/compiler/gnu/gcc/4.9.2/lib64/:/opt/pkg/devel/cuda/8.0/lib64/:/opt/pkg/filelib/hdf5-parallel/1.8.20/gnu/4.9.2/64/opt/openmpi/2.1.2.cuda80/lib/:/opt/pkg/filelib/libsplash/1.7.0/gnu/4.9.2/64/opt/openmpi/2.1.2.cuda80/lib/:/opt/pkg/compiler/gnu/gcc/4.9.2/lib/gcc/x86_64-unknown-linux-gnu/4.9.2/../../../:/lib/:/usr/lib/]
  ignore line: [Lesen der Spezifikationen von /opt/pkg/compiler/gnu/gcc/4.9.2/lib64/../lib64/libgomp.spec]
  ignore line: [COLLECT_GCC_OPTIONS='-fopenmp' '-v' '-o' 'cmTC_662cc' '-v' '-mtune=generic' '-march=x86-64' '-pthread']
  link line: [ /opt/pkg/compiler/gnu/gcc/4.9.2/libexec/gcc/x86_64-unknown-linux-gnu/4.9.2/collect2 --eh-frame-hdr -m elf_x86_64 -dynamic-linker /lib64/ld-linux-x86-64.so.2 -o cmTC_662cc /usr/lib/x86_64-linux-gnu/crt1.o /usr/lib/x86_64-linux-gnu/crti.o /opt/pkg/compiler/gnu/gcc/4.9.2/lib/gcc/x86_64-unknown-linux-gnu/4.9.2/crtbegin.o -L/opt/pkg/devel/cuda/8.0/lib64/../lib64 -L/opt/pkg/compiler/gnu/gcc/4.9.2/lib64/../lib64 -L/opt/pkg/devel/cuda/8.0/lib64/../lib64 -L/opt/pkg/compiler/gnu/gcc/4.9.2/lib/gcc/x86_64-unknown-linux-gnu/4.9.2 -L/opt/pkg/compiler/gnu/gcc/4.9.2/lib/gcc/x86_64-unknown-linux-gnu/4.9.2/../../../../lib64 -L/lib/x86_64-linux-gnu -L/lib/../lib64 -L/usr/lib/x86_64-linux-gnu -L/usr/lib/../lib64 -L/opt/pkg/devel/cuda/8.0/lib64 -L/opt/pkg/compiler/gnu/gcc/4.9.2/lib64 -L/opt/pkg/devel/cuda/8.0/lib64 -L/opt/pkg/filelib/hdf5-parallel/1.8.20/gnu/4.9.2/64/opt/openmpi/2.1.2.cuda80/lib -L/opt/pkg/filelib/libsplash/1.7.0/gnu/4.9.2/64/opt/openmpi/2.1.2.cuda80/lib -L/opt/pkg/compiler/gnu/gcc/4.9.2/lib/gcc/x86_64-unknown-linux-gnu/4.9.2/../../.. CMakeFiles/cmTC_662cc.dir/OpenMPTryFlag.c.o -lgomp -lgcc --as-needed -lgcc_s --no-as-needed -lpthread -lc -lgcc --as-needed -lgcc_s --no-as-needed /opt/pkg/compiler/gnu/gcc/4.9.2/lib/gcc/x86_64-unknown-linux-gnu/4.9.2/crtend.o /usr/lib/x86_64-linux-gnu/crtn.o]
    arg [/opt/pkg/compiler/gnu/gcc/4.9.2/libexec/gcc/x86_64-unknown-linux-gnu/4.9.2/collect2] ==> ignore
    arg [--eh-frame-hdr] ==> ignore
    arg [-m] ==> ignore
    arg [elf_x86_64] ==> ignore
    arg [-dynamic-linker] ==> ignore
    arg [/lib64/ld-linux-x86-64.so.2] ==> ignore
    arg [-o] ==> ignore
    arg [cmTC_662cc] ==> ignore
    arg [/usr/lib/x86_64-linux-gnu/crt1.o] ==> ignore
    arg [/usr/lib/x86_64-linux-gnu/crti.o] ==> ignore
    arg [/opt/pkg/compiler/gnu/gcc/4.9.2/lib/gcc/x86_64-unknown-linux-gnu/4.9.2/crtbegin.o] ==> ignore
    arg [-L/opt/pkg/devel/cuda/8.0/lib64/../lib64] ==> dir [/opt/pkg/devel/cuda/8.0/lib64/../lib64]
    arg [-L/opt/pkg/compiler/gnu/gcc/4.9.2/lib64/../lib64] ==> dir [/opt/pkg/compiler/gnu/gcc/4.9.2/lib64/../lib64]
    arg [-L/opt/pkg/devel/cuda/8.0/lib64/../lib64] ==> dir [/opt/pkg/devel/cuda/8.0/lib64/../lib64]
    arg [-L/opt/pkg/compiler/gnu/gcc/4.9.2/lib/gcc/x86_64-unknown-linux-gnu/4.9.2] ==> dir [/opt/pkg/compiler/gnu/gcc/4.9.2/lib/gcc/x86_64-unknown-linux-gnu/4.9.2]
    arg [-L/opt/pkg/compiler/gnu/gcc/4.9.2/lib/gcc/x86_64-unknown-linux-gnu/4.9.2/../../../../lib64] ==> dir [/opt/pkg/compiler/gnu/gcc/4.9.2/lib/gcc/x86_64-unknown-linux-gnu/4.9.2/../../../../lib64]
    arg [-L/lib/x86_64-linux-gnu] ==> dir [/lib/x86_64-linux-gnu]
    arg [-L/lib/../lib64] ==> dir [/lib/../lib64]
    arg [-L/usr/lib/x86_64-linux-gnu] ==> dir [/usr/lib/x86_64-linux-gnu]
    arg [-L/usr/lib/../lib64] ==> dir [/usr/lib/../lib64]
    arg [-L/opt/pkg/devel/cuda/8.0/lib64] ==> dir [/opt/pkg/devel/cuda/8.0/lib64]
    arg [-L/opt/pkg/compiler/gnu/gcc/4.9.2/lib64] ==> dir [/opt/pkg/compiler/gnu/gcc/4.9.2/lib64]
    arg [-L/opt/pkg/devel/cuda/8.0/lib64] ==> dir [/opt/pkg/devel/cuda/8.0/lib64]
    arg [-L/opt/pkg/filelib/hdf5-parallel/1.8.20/gnu/4.9.2/64/opt/openmpi/2.1.2.cuda80/lib] ==> dir [/opt/pkg/filelib/hdf5-parallel/1.8.20/gnu/4.9.2/64/opt/openmpi/2.1.2.cuda80/lib]
    arg [-L/opt/pkg/filelib/libsplash/1.7.0/gnu/4.9.2/64/opt/openmpi/2.1.2.cuda80/lib] ==> dir [/opt/pkg/filelib/libsplash/1.7.0/gnu/4.9.2/64/opt/openmpi/2.1.2.cuda80/lib]
    arg [-L/opt/pkg/compiler/gnu/gcc/4.9.2/lib/gcc/x86_64-unknown-linux-gnu/4.9.2/../../..] ==> dir [/opt/pkg/compiler/gnu/gcc/4.9.2/lib/gcc/x86_64-unknown-linux-gnu/4.9.2/../../..]
    arg [CMakeFiles/cmTC_662cc.dir/OpenMPTryFlag.c.o] ==> ignore
    arg [-lgomp] ==> lib [gomp]
    arg [-lgcc] ==> lib [gcc]
    arg [--as-needed] ==> ignore
    arg [-lgcc_s] ==> lib [gcc_s]
    arg [--no-as-needed] ==> ignore
    arg [-lpthread] ==> lib [pthread]
    arg [-lc] ==> lib [c]
    arg [-lgcc] ==> lib [gcc]
    arg [--as-needed] ==> ignore
    arg [-lgcc_s] ==> lib [gcc_s]
    arg [--no-as-needed] ==> ignore
    arg [/opt/pkg/compiler/gnu/gcc/4.9.2/lib/gcc/x86_64-unknown-linux-gnu/4.9.2/crtend.o] ==> ignore
    arg [/usr/lib/x86_64-linux-gnu/crtn.o] ==> ignore
  collapse library dir [/opt/pkg/devel/cuda/8.0/lib64/../lib64] ==> [/opt/pkg/devel/cuda/8.0/lib64]
  collapse library dir [/opt/pkg/compiler/gnu/gcc/4.9.2/lib64/../lib64] ==> [/opt/pkg/compiler/gnu/gcc/4.9.2/lib64]
  collapse library dir [/opt/pkg/devel/cuda/8.0/lib64/../lib64] ==> [/opt/pkg/devel/cuda/8.0/lib64]
  collapse library dir [/opt/pkg/compiler/gnu/gcc/4.9.2/lib/gcc/x86_64-unknown-linux-gnu/4.9.2] ==> [/opt/pkg/compiler/gnu/gcc/4.9.2/lib/gcc/x86_64-unknown-linux-gnu/4.9.2]
  collapse library dir [/opt/pkg/compiler/gnu/gcc/4.9.2/lib/gcc/x86_64-unknown-linux-gnu/4.9.2/../../../../lib64] ==> [/opt/pkg/compiler/gnu/gcc/4.9.2/lib64]
  collapse library dir [/lib/x86_64-linux-gnu] ==> [/lib/x86_64-linux-gnu]
  collapse library dir [/lib/../lib64] ==> [/lib64]
  collapse library dir [/usr/lib/x86_64-linux-gnu] ==> [/usr/lib/x86_64-linux-gnu]
  collapse library dir [/usr/lib/../lib64] ==> [/usr/lib64]
  collapse library dir [/opt/pkg/devel/cuda/8.0/lib64] ==> [/opt/pkg/devel/cuda/8.0/lib64]
  collapse library dir [/opt/pkg/compiler/gnu/gcc/4.9.2/lib64] ==> [/opt/pkg/compiler/gnu/gcc/4.9.2/lib64]
  collapse library dir [/opt/pkg/devel/cuda/8.0/lib64] ==> [/opt/pkg/devel/cuda/8.0/lib64]
  collapse library dir [/opt/pkg/filelib/hdf5-parallel/1.8.20/gnu/4.9.2/64/opt/openmpi/2.1.2.cuda80/lib] ==> [/opt/pkg/filelib/hdf5-parallel/1.8.20/gnu/4.9.2/64/opt/openmpi/2.1.2.cuda80/lib]
  collapse library dir [/opt/pkg/filelib/libsplash/1.7.0/gnu/4.9.2/64/opt/openmpi/2.1.2.cuda80/lib] ==> [/opt/pkg/filelib/libsplash/1.7.0/gnu/4.9.2/64/opt/openmpi/2.1.2.cuda80/lib]
  collapse library dir [/opt/pkg/compiler/gnu/gcc/4.9.2/lib/gcc/x86_64-unknown-linux-gnu/4.9.2/../../..] ==> [/opt/pkg/compiler/gnu/gcc/4.9.2/lib]
  implicit libs: [gomp;gcc;gcc_s;pthread;c;gcc;gcc_s]
  implicit dirs: [/opt/pkg/devel/cuda/8.0/lib64;/opt/pkg/compiler/gnu/gcc/4.9.2/lib64;/opt/pkg/compiler/gnu/gcc/4.9.2/lib/gcc/x86_64-unknown-linux-gnu/4.9.2;/lib/x86_64-linux-gnu;/lib64;/usr/lib/x86_64-linux-gnu;/usr/lib64;/opt/pkg/filelib/hdf5-parallel/1.8.20/gnu/4.9.2/64/opt/openmpi/2.1.2.cuda80/lib;/opt/pkg/filelib/libsplash/1.7.0/gnu/4.9.2/64/opt/openmpi/2.1.2.cuda80/lib;/opt/pkg/compiler/gnu/gcc/4.9.2/lib]
  implicit fwks: []


Detecting CXX OpenMP compiler ABI info compiled with the following output:
Change Dir: /home/goethe93/paramSets/RampOnCopper/.build/CMakeFiles/CMakeTmp

Run Build Command:"/usr/bin/make" "cmTC_399e2/fast"
/usr/bin/make -f CMakeFiles/cmTC_399e2.dir/build.make CMakeFiles/cmTC_399e2.dir/build
make[1]: Verzeichnis »/data/home/goethe93/paramSets/RampOnCopper/.build/CMakeFiles/CMakeTmp« wird betreten
Building CXX object CMakeFiles/cmTC_399e2.dir/OpenMPTryFlag.cpp.o
/opt/pkg/compiler/gnu/gcc/4.9.2/bin/g++-4.9.2    -g0 -O3 -m64 -fopenmp -v   -std=c++11 -o CMakeFiles/cmTC_399e2.dir/OpenMPTryFlag.cpp.o -c /home/goethe93/paramSets/RampOnCopper/.build/CMakeFiles/FindOpenMP/OpenMPTryFlag.cpp
Es werden eingebaute Spezifikationen verwendet.
COLLECT_GCC=/opt/pkg/compiler/gnu/gcc/4.9.2/bin/g++-4.9.2
Ziel: x86_64-unknown-linux-gnu
Konfiguriert mit: ./configure --prefix=/opt/pkg/compiler/gnu/gcc/4.9.2 --with-gmp=/opt/pkg/numlib/gmp/5.1.1/ --with-mpfr=/opt/pkg/numlib/mpfr/3.1.2/ --with-mpc=/opt/pkg/numlib/mpc/1.0.1/ --enable-build-with-cxx --disable-multilib --oldincludedir=/usr/include:/usr/include/x86_64-linux-gnu
Thread-Modell: posix
gcc-Version 4.9.2 (GCC) 
COLLECT_GCC_OPTIONS='-g0' '-O3' '-m64' '-fopenmp' '-v' '-std=c++11' '-o' 'CMakeFiles/cmTC_399e2.dir/OpenMPTryFlag.cpp.o' '-c' '-shared-libgcc' '-mtune=generic' '-march=x86-64' '-pthread'
 /opt/pkg/compiler/gnu/gcc/4.9.2/libexec/gcc/x86_64-unknown-linux-gnu/4.9.2/cc1plus -quiet -v -imultiarch x86_64-linux-gnu -D_GNU_SOURCE -D_REENTRANT /home/goethe93/paramSets/RampOnCopper/.build/CMakeFiles/FindOpenMP/OpenMPTryFlag.cpp -quiet -dumpbase OpenMPTryFlag.cpp -m64 -mtune=generic -march=x86-64 -auxbase-strip CMakeFiles/cmTC_399e2.dir/OpenMPTryFlag.cpp.o -g0 -O3 -std=c++11 -version -fopenmp -o /tmp/ccqjCYcp.s
GNU C++ (GCC) Version 4.9.2 (x86_64-unknown-linux-gnu)
	kompiliert von GNU-C-Version 4.9.2, GMP-Version 5.1.1, MPFR-Version 3.1.2, MPC-Version 1.0.1.
GGC-Heuristik: --param ggc-min-expand=100 --param ggc-min-heapsize=131072
nicht vorhandenes Verzeichnis »/usr/local/include/x86_64-linux-gnu« wird ignoriert
nicht vorhandenes Verzeichnis »/opt/pkg/compiler/gnu/gcc/4.9.2/lib/gcc/x86_64-unknown-linux-gnu/4.9.2/../../../../x86_64-unknown-linux-gnu/include« wird ignoriert
#include "..." - Suche beginnt hier:
#include <...> - Suche beginnt hier:
 /opt/pkg/devel/cuda/8.0/include
 /opt/pkg/numlib/gmp/5.1.1/include
 /opt/pkg/numlib/mpc/1.0.1/include
 /opt/pkg/numlib/mpfr/3.1.2/include
 /opt/pkg/filelib/hdf5-parallel/1.8.20/gnu/4.9.2/64/opt/openmpi/2.1.2.cuda80/include
 /opt/pkg/filelib/libsplash/1.7.0/gnu/4.9.2/64/opt/openmpi/2.1.2.cuda80/include
 /opt/pkg/devel/boost/1.62.0/gnu/4.9.2/64/opt/include
 /opt/pkg/compiler/gnu/gcc/4.9.2/lib/gcc/x86_64-unknown-linux-gnu/4.9.2/../../../../include/c++/4.9.2
 /opt/pkg/compiler/gnu/gcc/4.9.2/lib/gcc/x86_64-unknown-linux-gnu/4.9.2/../../../../include/c++/4.9.2/x86_64-unknown-linux-gnu
 /opt/pkg/compiler/gnu/gcc/4.9.2/lib/gcc/x86_64-unknown-linux-gnu/4.9.2/../../../../include/c++/4.9.2/backward
 /opt/pkg/compiler/gnu/gcc/4.9.2/lib/gcc/x86_64-unknown-linux-gnu/4.9.2/include
 /usr/local/include
 /opt/pkg/compiler/gnu/gcc/4.9.2/include
 /opt/pkg/compiler/gnu/gcc/4.9.2/lib/gcc/x86_64-unknown-linux-gnu/4.9.2/include-fixed
 /usr/include/x86_64-linux-gnu
 /usr/include
Ende der Suchliste.
GNU C++ (GCC) Version 4.9.2 (x86_64-unknown-linux-gnu)
	kompiliert von GNU-C-Version 4.9.2, GMP-Version 5.1.1, MPFR-Version 3.1.2, MPC-Version 1.0.1.
GGC-Heuristik: --param ggc-min-expand=100 --param ggc-min-heapsize=131072
Compiler executable checksum: 4c9981155fb91d101b8fbd88cfb230c5
COLLECT_GCC_OPTIONS='-g0' '-O3' '-m64' '-fopenmp' '-v' '-std=c++11' '-o' 'CMakeFiles/cmTC_399e2.dir/OpenMPTryFlag.cpp.o' '-c' '-shared-libgcc' '-mtune=generic' '-march=x86-64' '-pthread'
 as -v --64 -o CMakeFiles/cmTC_399e2.dir/OpenMPTryFlag.cpp.o /tmp/ccqjCYcp.s
Die GNU-Assembler-Version 2.24 (x86_64-linux-gnu) benutzt die BFD-Version (GNU Binutils for Ubuntu) 2.24
COMPILER_PATH=/opt/pkg/compiler/gnu/gcc/4.9.2/libexec/gcc/x86_64-unknown-linux-gnu/4.9.2/:/opt/pkg/compiler/gnu/gcc/4.9.2/libexec/gcc/x86_64-unknown-linux-gnu/4.9.2/:/opt/pkg/compiler/gnu/gcc/4.9.2/libexec/gcc/x86_64-unknown-linux-gnu/:/opt/pkg/compiler/gnu/gcc/4.9.2/lib/gcc/x86_64-unknown-linux-gnu/4.9.2/:/opt/pkg/compiler/gnu/gcc/4.9.2/lib/gcc/x86_64-unknown-linux-gnu/
LIBRARY_PATH=/opt/pkg/devel/cuda/8.0/lib64/../lib64/:/opt/pkg/compiler/gnu/gcc/4.9.2/lib64/../lib64/:/opt/pkg/devel/cuda/8.0/lib64/../lib64/:/opt/pkg/compiler/gnu/gcc/4.9.2/lib/gcc/x86_64-unknown-linux-gnu/4.9.2/:/opt/pkg/compiler/gnu/gcc/4.9.2/lib/gcc/x86_64-unknown-linux-gnu/4.9.2/../../../../lib64/:/lib/x86_64-linux-gnu/:/lib/../lib64/:/usr/lib/x86_64-linux-gnu/:/usr/lib/../lib64/:/opt/pkg/devel/cuda/8.0/lib64/:/opt/pkg/compiler/gnu/gcc/4.9.2/lib64/:/opt/pkg/devel/cuda/8.0/lib64/:/opt/pkg/filelib/hdf5-parallel/1.8.20/gnu/4.9.2/64/opt/openmpi/2.1.2.cuda80/lib/:/opt/pkg/filelib/libsplash/1.7.0/gnu/4.9.2/64/opt/openmpi/2.1.2.cuda80/lib/:/opt/pkg/compiler/gnu/gcc/4.9.2/lib/gcc/x86_64-unknown-linux-gnu/4.9.2/../../../:/lib/:/usr/lib/
COLLECT_GCC_OPTIONS='-g0' '-O3' '-m64' '-fopenmp' '-v' '-std=c++11' '-o' 'CMakeFiles/cmTC_399e2.dir/OpenMPTryFlag.cpp.o' '-c' '-shared-libgcc' '-mtune=generic' '-march=x86-64' '-pthread'
Linking CXX executable cmTC_399e2
/opt/pkg/devel/cmake/3.10.1/bin/cmake -E cmake_link_script CMakeFiles/cmTC_399e2.dir/link.txt --verbose=1
/opt/pkg/compiler/gnu/gcc/4.9.2/bin/g++-4.9.2  -g0 -O3 -m64 -fopenmp -v    CMakeFiles/cmTC_399e2.dir/OpenMPTryFlag.cpp.o  -o cmTC_399e2 -v 
Es werden eingebaute Spezifikationen verwendet.
COLLECT_GCC=/opt/pkg/compiler/gnu/gcc/4.9.2/bin/g++-4.9.2
COLLECT_LTO_WRAPPER=/opt/pkg/compiler/gnu/gcc/4.9.2/libexec/gcc/x86_64-unknown-linux-gnu/4.9.2/lto-wrapper
Ziel: x86_64-unknown-linux-gnu
Konfiguriert mit: ./configure --prefix=/opt/pkg/compiler/gnu/gcc/4.9.2 --with-gmp=/opt/pkg/numlib/gmp/5.1.1/ --with-mpfr=/opt/pkg/numlib/mpfr/3.1.2/ --with-mpc=/opt/pkg/numlib/mpc/1.0.1/ --enable-build-with-cxx --disable-multilib --oldincludedir=/usr/include:/usr/include/x86_64-linux-gnu
Thread-Modell: posix
gcc-Version 4.9.2 (GCC) 
COMPILER_PATH=/opt/pkg/compiler/gnu/gcc/4.9.2/libexec/gcc/x86_64-unknown-linux-gnu/4.9.2/:/opt/pkg/compiler/gnu/gcc/4.9.2/libexec/gcc/x86_64-unknown-linux-gnu/4.9.2/:/opt/pkg/compiler/gnu/gcc/4.9.2/libexec/gcc/x86_64-unknown-linux-gnu/:/opt/pkg/compiler/gnu/gcc/4.9.2/lib/gcc/x86_64-unknown-linux-gnu/4.9.2/:/opt/pkg/compiler/gnu/gcc/4.9.2/lib/gcc/x86_64-unknown-linux-gnu/
LIBRARY_PATH=/opt/pkg/devel/cuda/8.0/lib64/../lib64/:/opt/pkg/compiler/gnu/gcc/4.9.2/lib64/../lib64/:/opt/pkg/devel/cuda/8.0/lib64/../lib64/:/opt/pkg/compiler/gnu/gcc/4.9.2/lib/gcc/x86_64-unknown-linux-gnu/4.9.2/:/opt/pkg/compiler/gnu/gcc/4.9.2/lib/gcc/x86_64-unknown-linux-gnu/4.9.2/../../../../lib64/:/lib/x86_64-linux-gnu/:/lib/../lib64/:/usr/lib/x86_64-linux-gnu/:/usr/lib/../lib64/:/opt/pkg/devel/cuda/8.0/lib64/:/opt/pkg/compiler/gnu/gcc/4.9.2/lib64/:/opt/pkg/devel/cuda/8.0/lib64/:/opt/pkg/filelib/hdf5-parallel/1.8.20/gnu/4.9.2/64/opt/openmpi/2.1.2.cuda80/lib/:/opt/pkg/filelib/libsplash/1.7.0/gnu/4.9.2/64/opt/openmpi/2.1.2.cuda80/lib/:/opt/pkg/compiler/gnu/gcc/4.9.2/lib/gcc/x86_64-unknown-linux-gnu/4.9.2/../../../:/lib/:/usr/lib/
Lesen der Spezifikationen von /opt/pkg/compiler/gnu/gcc/4.9.2/lib64/../lib64/libgomp.spec
COLLECT_GCC_OPTIONS='-g0' '-O3' '-m64' '-fopenmp' '-v' '-o' 'cmTC_399e2' '-v' '-shared-libgcc' '-mtune=generic' '-march=x86-64' '-pthread'
 /opt/pkg/compiler/gnu/gcc/4.9.2/libexec/gcc/x86_64-unknown-linux-gnu/4.9.2/collect2 --eh-frame-hdr -m elf_x86_64 -dynamic-linker /lib64/ld-linux-x86-64.so.2 -o cmTC_399e2 /usr/lib/x86_64-linux-gnu/crt1.o /usr/lib/x86_64-linux-gnu/crti.o /opt/pkg/compiler/gnu/gcc/4.9.2/lib/gcc/x86_64-unknown-linux-gnu/4.9.2/crtbegin.o -L/opt/pkg/devel/cuda/8.0/lib64/../lib64 -L/opt/pkg/compiler/gnu/gcc/4.9.2/lib64/../lib64 -L/opt/pkg/devel/cuda/8.0/lib64/../lib64 -L/opt/pkg/compiler/gnu/gcc/4.9.2/lib/gcc/x86_64-unknown-linux-gnu/4.9.2 -L/opt/pkg/compiler/gnu/gcc/4.9.2/lib/gcc/x86_64-unknown-linux-gnu/4.9.2/../../../../lib64 -L/lib/x86_64-linux-gnu -L/lib/../lib64 -L/usr/lib/x86_64-linux-gnu -L/usr/lib/../lib64 -L/opt/pkg/devel/cuda/8.0/lib64 -L/opt/pkg/compiler/gnu/gcc/4.9.2/lib64 -L/opt/pkg/devel/cuda/8.0/lib64 -L/opt/pkg/filelib/hdf5-parallel/1.8.20/gnu/4.9.2/64/opt/openmpi/2.1.2.cuda80/lib -L/opt/pkg/filelib/libsplash/1.7.0/gnu/4.9.2/64/opt/openmpi/2.1.2.cuda80/lib -L/opt/pkg/compiler/gnu/gcc/4.9.2/lib/gcc/x86_64-unknown-linux-gnu/4.9.2/../../.. CMakeFiles/cmTC_399e2.dir/OpenMPTryFlag.cpp.o -lstdc++ -lm -lgomp -lgcc_s -lgcc -lpthread -lc -lgcc_s -lgcc /opt/pkg/compiler/gnu/gcc/4.9.2/lib/gcc/x86_64-unknown-linux-gnu/4.9.2/crtend.o /usr/lib/x86_64-linux-gnu/crtn.o
make[1]: Verzeichnis »/data/home/goethe93/paramSets/RampOnCopper/.build/CMakeFiles/CMakeTmp« wird verlassen


Parsed CXX OpenMP implicit link information from above output:
  link line regex: [^( *|.*[/\])(ld|CMAKE_LINK_STARTFILE-NOTFOUND|([^/\]+-)?ld|collect2)[^/\]*( |$)]
  ignore line: [Change Dir: /home/goethe93/paramSets/RampOnCopper/.build/CMakeFiles/CMakeTmp]
  ignore line: []
  ignore line: [Run Build Command:"/usr/bin/make" "cmTC_399e2/fast"]
  ignore line: [/usr/bin/make -f CMakeFiles/cmTC_399e2.dir/build.make CMakeFiles/cmTC_399e2.dir/build]
  ignore line: [make[1]: Verzeichnis »/data/home/goethe93/paramSets/RampOnCopper/.build/CMakeFiles/CMakeTmp« wird betreten]
  ignore line: [Building CXX object CMakeFiles/cmTC_399e2.dir/OpenMPTryFlag.cpp.o]
  ignore line: [/opt/pkg/compiler/gnu/gcc/4.9.2/bin/g++-4.9.2    -g0 -O3 -m64 -fopenmp -v   -std=c++11 -o CMakeFiles/cmTC_399e2.dir/OpenMPTryFlag.cpp.o -c /home/goethe93/paramSets/RampOnCopper/.build/CMakeFiles/FindOpenMP/OpenMPTryFlag.cpp]
  ignore line: [Es werden eingebaute Spezifikationen verwendet.]
  ignore line: [COLLECT_GCC=/opt/pkg/compiler/gnu/gcc/4.9.2/bin/g++-4.9.2]
  ignore line: [Ziel: x86_64-unknown-linux-gnu]
  ignore line: [Konfiguriert mit: ./configure --prefix=/opt/pkg/compiler/gnu/gcc/4.9.2 --with-gmp=/opt/pkg/numlib/gmp/5.1.1/ --with-mpfr=/opt/pkg/numlib/mpfr/3.1.2/ --with-mpc=/opt/pkg/numlib/mpc/1.0.1/ --enable-build-with-cxx --disable-multilib --oldincludedir=/usr/include:/usr/include/x86_64-linux-gnu]
  ignore line: [Thread-Modell: posix]
  ignore line: [gcc-Version 4.9.2 (GCC) ]
  ignore line: [COLLECT_GCC_OPTIONS='-g0' '-O3' '-m64' '-fopenmp' '-v' '-std=c++11' '-o' 'CMakeFiles/cmTC_399e2.dir/OpenMPTryFlag.cpp.o' '-c' '-shared-libgcc' '-mtune=generic' '-march=x86-64' '-pthread']
  ignore line: [ /opt/pkg/compiler/gnu/gcc/4.9.2/libexec/gcc/x86_64-unknown-linux-gnu/4.9.2/cc1plus -quiet -v -imultiarch x86_64-linux-gnu -D_GNU_SOURCE -D_REENTRANT /home/goethe93/paramSets/RampOnCopper/.build/CMakeFiles/FindOpenMP/OpenMPTryFlag.cpp -quiet -dumpbase OpenMPTryFlag.cpp -m64 -mtune=generic -march=x86-64 -auxbase-strip CMakeFiles/cmTC_399e2.dir/OpenMPTryFlag.cpp.o -g0 -O3 -std=c++11 -version -fopenmp -o /tmp/ccqjCYcp.s]
  ignore line: [GNU C++ (GCC) Version 4.9.2 (x86_64-unknown-linux-gnu)]
  ignore line: [	kompiliert von GNU-C-Version 4.9.2, GMP-Version 5.1.1, MPFR-Version 3.1.2, MPC-Version 1.0.1.]
  ignore line: [GGC-Heuristik: --param ggc-min-expand=100 --param ggc-min-heapsize=131072]
  ignore line: [nicht vorhandenes Verzeichnis »/usr/local/include/x86_64-linux-gnu« wird ignoriert]
  ignore line: [nicht vorhandenes Verzeichnis »/opt/pkg/compiler/gnu/gcc/4.9.2/lib/gcc/x86_64-unknown-linux-gnu/4.9.2/../../../../x86_64-unknown-linux-gnu/include« wird ignoriert]
  ignore line: [#include "..." - Suche beginnt hier:]
  ignore line: [#include <...> - Suche beginnt hier:]
  ignore line: [ /opt/pkg/devel/cuda/8.0/include]
  ignore line: [ /opt/pkg/numlib/gmp/5.1.1/include]
  ignore line: [ /opt/pkg/numlib/mpc/1.0.1/include]
  ignore line: [ /opt/pkg/numlib/mpfr/3.1.2/include]
  ignore line: [ /opt/pkg/filelib/hdf5-parallel/1.8.20/gnu/4.9.2/64/opt/openmpi/2.1.2.cuda80/include]
  ignore line: [ /opt/pkg/filelib/libsplash/1.7.0/gnu/4.9.2/64/opt/openmpi/2.1.2.cuda80/include]
  ignore line: [ /opt/pkg/devel/boost/1.62.0/gnu/4.9.2/64/opt/include]
  ignore line: [ /opt/pkg/compiler/gnu/gcc/4.9.2/lib/gcc/x86_64-unknown-linux-gnu/4.9.2/../../../../include/c++/4.9.2]
  ignore line: [ /opt/pkg/compiler/gnu/gcc/4.9.2/lib/gcc/x86_64-unknown-linux-gnu/4.9.2/../../../../include/c++/4.9.2/x86_64-unknown-linux-gnu]
  ignore line: [ /opt/pkg/compiler/gnu/gcc/4.9.2/lib/gcc/x86_64-unknown-linux-gnu/4.9.2/../../../../include/c++/4.9.2/backward]
  ignore line: [ /opt/pkg/compiler/gnu/gcc/4.9.2/lib/gcc/x86_64-unknown-linux-gnu/4.9.2/include]
  ignore line: [ /usr/local/include]
  ignore line: [ /opt/pkg/compiler/gnu/gcc/4.9.2/include]
  ignore line: [ /opt/pkg/compiler/gnu/gcc/4.9.2/lib/gcc/x86_64-unknown-linux-gnu/4.9.2/include-fixed]
  ignore line: [ /usr/include/x86_64-linux-gnu]
  ignore line: [ /usr/include]
  ignore line: [Ende der Suchliste.]
  ignore line: [GNU C++ (GCC) Version 4.9.2 (x86_64-unknown-linux-gnu)]
  ignore line: [	kompiliert von GNU-C-Version 4.9.2, GMP-Version 5.1.1, MPFR-Version 3.1.2, MPC-Version 1.0.1.]
  ignore line: [GGC-Heuristik: --param ggc-min-expand=100 --param ggc-min-heapsize=131072]
  ignore line: [Compiler executable checksum: 4c9981155fb91d101b8fbd88cfb230c5]
  ignore line: [COLLECT_GCC_OPTIONS='-g0' '-O3' '-m64' '-fopenmp' '-v' '-std=c++11' '-o' 'CMakeFiles/cmTC_399e2.dir/OpenMPTryFlag.cpp.o' '-c' '-shared-libgcc' '-mtune=generic' '-march=x86-64' '-pthread']
  ignore line: [ as -v --64 -o CMakeFiles/cmTC_399e2.dir/OpenMPTryFlag.cpp.o /tmp/ccqjCYcp.s]
  ignore line: [Die GNU-Assembler-Version 2.24 (x86_64-linux-gnu) benutzt die BFD-Version (GNU Binutils for Ubuntu) 2.24]
  ignore line: [COMPILER_PATH=/opt/pkg/compiler/gnu/gcc/4.9.2/libexec/gcc/x86_64-unknown-linux-gnu/4.9.2/:/opt/pkg/compiler/gnu/gcc/4.9.2/libexec/gcc/x86_64-unknown-linux-gnu/4.9.2/:/opt/pkg/compiler/gnu/gcc/4.9.2/libexec/gcc/x86_64-unknown-linux-gnu/:/opt/pkg/compiler/gnu/gcc/4.9.2/lib/gcc/x86_64-unknown-linux-gnu/4.9.2/:/opt/pkg/compiler/gnu/gcc/4.9.2/lib/gcc/x86_64-unknown-linux-gnu/]
  ignore line: [LIBRARY_PATH=/opt/pkg/devel/cuda/8.0/lib64/../lib64/:/opt/pkg/compiler/gnu/gcc/4.9.2/lib64/../lib64/:/opt/pkg/devel/cuda/8.0/lib64/../lib64/:/opt/pkg/compiler/gnu/gcc/4.9.2/lib/gcc/x86_64-unknown-linux-gnu/4.9.2/:/opt/pkg/compiler/gnu/gcc/4.9.2/lib/gcc/x86_64-unknown-linux-gnu/4.9.2/../../../../lib64/:/lib/x86_64-linux-gnu/:/lib/../lib64/:/usr/lib/x86_64-linux-gnu/:/usr/lib/../lib64/:/opt/pkg/devel/cuda/8.0/lib64/:/opt/pkg/compiler/gnu/gcc/4.9.2/lib64/:/opt/pkg/devel/cuda/8.0/lib64/:/opt/pkg/filelib/hdf5-parallel/1.8.20/gnu/4.9.2/64/opt/openmpi/2.1.2.cuda80/lib/:/opt/pkg/filelib/libsplash/1.7.0/gnu/4.9.2/64/opt/openmpi/2.1.2.cuda80/lib/:/opt/pkg/compiler/gnu/gcc/4.9.2/lib/gcc/x86_64-unknown-linux-gnu/4.9.2/../../../:/lib/:/usr/lib/]
  ignore line: [COLLECT_GCC_OPTIONS='-g0' '-O3' '-m64' '-fopenmp' '-v' '-std=c++11' '-o' 'CMakeFiles/cmTC_399e2.dir/OpenMPTryFlag.cpp.o' '-c' '-shared-libgcc' '-mtune=generic' '-march=x86-64' '-pthread']
  ignore line: [Linking CXX executable cmTC_399e2]
  ignore line: [/opt/pkg/devel/cmake/3.10.1/bin/cmake -E cmake_link_script CMakeFiles/cmTC_399e2.dir/link.txt --verbose=1]
  ignore line: [/opt/pkg/compiler/gnu/gcc/4.9.2/bin/g++-4.9.2  -g0 -O3 -m64 -fopenmp -v    CMakeFiles/cmTC_399e2.dir/OpenMPTryFlag.cpp.o  -o cmTC_399e2 -v ]
  ignore line: [Es werden eingebaute Spezifikationen verwendet.]
  ignore line: [COLLECT_GCC=/opt/pkg/compiler/gnu/gcc/4.9.2/bin/g++-4.9.2]
  ignore line: [COLLECT_LTO_WRAPPER=/opt/pkg/compiler/gnu/gcc/4.9.2/libexec/gcc/x86_64-unknown-linux-gnu/4.9.2/lto-wrapper]
  ignore line: [Ziel: x86_64-unknown-linux-gnu]
  ignore line: [Konfiguriert mit: ./configure --prefix=/opt/pkg/compiler/gnu/gcc/4.9.2 --with-gmp=/opt/pkg/numlib/gmp/5.1.1/ --with-mpfr=/opt/pkg/numlib/mpfr/3.1.2/ --with-mpc=/opt/pkg/numlib/mpc/1.0.1/ --enable-build-with-cxx --disable-multilib --oldincludedir=/usr/include:/usr/include/x86_64-linux-gnu]
  ignore line: [Thread-Modell: posix]
  ignore line: [gcc-Version 4.9.2 (GCC) ]
  ignore line: [COMPILER_PATH=/opt/pkg/compiler/gnu/gcc/4.9.2/libexec/gcc/x86_64-unknown-linux-gnu/4.9.2/:/opt/pkg/compiler/gnu/gcc/4.9.2/libexec/gcc/x86_64-unknown-linux-gnu/4.9.2/:/opt/pkg/compiler/gnu/gcc/4.9.2/libexec/gcc/x86_64-unknown-linux-gnu/:/opt/pkg/compiler/gnu/gcc/4.9.2/lib/gcc/x86_64-unknown-linux-gnu/4.9.2/:/opt/pkg/compiler/gnu/gcc/4.9.2/lib/gcc/x86_64-unknown-linux-gnu/]
  ignore line: [LIBRARY_PATH=/opt/pkg/devel/cuda/8.0/lib64/../lib64/:/opt/pkg/compiler/gnu/gcc/4.9.2/lib64/../lib64/:/opt/pkg/devel/cuda/8.0/lib64/../lib64/:/opt/pkg/compiler/gnu/gcc/4.9.2/lib/gcc/x86_64-unknown-linux-gnu/4.9.2/:/opt/pkg/compiler/gnu/gcc/4.9.2/lib/gcc/x86_64-unknown-linux-gnu/4.9.2/../../../../lib64/:/lib/x86_64-linux-gnu/:/lib/../lib64/:/usr/lib/x86_64-linux-gnu/:/usr/lib/../lib64/:/opt/pkg/devel/cuda/8.0/lib64/:/opt/pkg/compiler/gnu/gcc/4.9.2/lib64/:/opt/pkg/devel/cuda/8.0/lib64/:/opt/pkg/filelib/hdf5-parallel/1.8.20/gnu/4.9.2/64/opt/openmpi/2.1.2.cuda80/lib/:/opt/pkg/filelib/libsplash/1.7.0/gnu/4.9.2/64/opt/openmpi/2.1.2.cuda80/lib/:/opt/pkg/compiler/gnu/gcc/4.9.2/lib/gcc/x86_64-unknown-linux-gnu/4.9.2/../../../:/lib/:/usr/lib/]
  ignore line: [Lesen der Spezifikationen von /opt/pkg/compiler/gnu/gcc/4.9.2/lib64/../lib64/libgomp.spec]
  ignore line: [COLLECT_GCC_OPTIONS='-g0' '-O3' '-m64' '-fopenmp' '-v' '-o' 'cmTC_399e2' '-v' '-shared-libgcc' '-mtune=generic' '-march=x86-64' '-pthread']
  link line: [ /opt/pkg/compiler/gnu/gcc/4.9.2/libexec/gcc/x86_64-unknown-linux-gnu/4.9.2/collect2 --eh-frame-hdr -m elf_x86_64 -dynamic-linker /lib64/ld-linux-x86-64.so.2 -o cmTC_399e2 /usr/lib/x86_64-linux-gnu/crt1.o /usr/lib/x86_64-linux-gnu/crti.o /opt/pkg/compiler/gnu/gcc/4.9.2/lib/gcc/x86_64-unknown-linux-gnu/4.9.2/crtbegin.o -L/opt/pkg/devel/cuda/8.0/lib64/../lib64 -L/opt/pkg/compiler/gnu/gcc/4.9.2/lib64/../lib64 -L/opt/pkg/devel/cuda/8.0/lib64/../lib64 -L/opt/pkg/compiler/gnu/gcc/4.9.2/lib/gcc/x86_64-unknown-linux-gnu/4.9.2 -L/opt/pkg/compiler/gnu/gcc/4.9.2/lib/gcc/x86_64-unknown-linux-gnu/4.9.2/../../../../lib64 -L/lib/x86_64-linux-gnu -L/lib/../lib64 -L/usr/lib/x86_64-linux-gnu -L/usr/lib/../lib64 -L/opt/pkg/devel/cuda/8.0/lib64 -L/opt/pkg/compiler/gnu/gcc/4.9.2/lib64 -L/opt/pkg/devel/cuda/8.0/lib64 -L/opt/pkg/filelib/hdf5-parallel/1.8.20/gnu/4.9.2/64/opt/openmpi/2.1.2.cuda80/lib -L/opt/pkg/filelib/libsplash/1.7.0/gnu/4.9.2/64/opt/openmpi/2.1.2.cuda80/lib -L/opt/pkg/compiler/gnu/gcc/4.9.2/lib/gcc/x86_64-unknown-linux-gnu/4.9.2/../../.. CMakeFiles/cmTC_399e2.dir/OpenMPTryFlag.cpp.o -lstdc++ -lm -lgomp -lgcc_s -lgcc -lpthread -lc -lgcc_s -lgcc /opt/pkg/compiler/gnu/gcc/4.9.2/lib/gcc/x86_64-unknown-linux-gnu/4.9.2/crtend.o /usr/lib/x86_64-linux-gnu/crtn.o]
    arg [/opt/pkg/compiler/gnu/gcc/4.9.2/libexec/gcc/x86_64-unknown-linux-gnu/4.9.2/collect2] ==> ignore
    arg [--eh-frame-hdr] ==> ignore
    arg [-m] ==> ignore
    arg [elf_x86_64] ==> ignore
    arg [-dynamic-linker] ==> ignore
    arg [/lib64/ld-linux-x86-64.so.2] ==> ignore
    arg [-o] ==> ignore
    arg [cmTC_399e2] ==> ignore
    arg [/usr/lib/x86_64-linux-gnu/crt1.o] ==> ignore
    arg [/usr/lib/x86_64-linux-gnu/crti.o] ==> ignore
    arg [/opt/pkg/compiler/gnu/gcc/4.9.2/lib/gcc/x86_64-unknown-linux-gnu/4.9.2/crtbegin.o] ==> ignore
    arg [-L/opt/pkg/devel/cuda/8.0/lib64/../lib64] ==> dir [/opt/pkg/devel/cuda/8.0/lib64/../lib64]
    arg [-L/opt/pkg/compiler/gnu/gcc/4.9.2/lib64/../lib64] ==> dir [/opt/pkg/compiler/gnu/gcc/4.9.2/lib64/../lib64]
    arg [-L/opt/pkg/devel/cuda/8.0/lib64/../lib64] ==> dir [/opt/pkg/devel/cuda/8.0/lib64/../lib64]
    arg [-L/opt/pkg/compiler/gnu/gcc/4.9.2/lib/gcc/x86_64-unknown-linux-gnu/4.9.2] ==> dir [/opt/pkg/compiler/gnu/gcc/4.9.2/lib/gcc/x86_64-unknown-linux-gnu/4.9.2]
    arg [-L/opt/pkg/compiler/gnu/gcc/4.9.2/lib/gcc/x86_64-unknown-linux-gnu/4.9.2/../../../../lib64] ==> dir [/opt/pkg/compiler/gnu/gcc/4.9.2/lib/gcc/x86_64-unknown-linux-gnu/4.9.2/../../../../lib64]
    arg [-L/lib/x86_64-linux-gnu] ==> dir [/lib/x86_64-linux-gnu]
    arg [-L/lib/../lib64] ==> dir [/lib/../lib64]
    arg [-L/usr/lib/x86_64-linux-gnu] ==> dir [/usr/lib/x86_64-linux-gnu]
    arg [-L/usr/lib/../lib64] ==> dir [/usr/lib/../lib64]
    arg [-L/opt/pkg/devel/cuda/8.0/lib64] ==> dir [/opt/pkg/devel/cuda/8.0/lib64]
    arg [-L/opt/pkg/compiler/gnu/gcc/4.9.2/lib64] ==> dir [/opt/pkg/compiler/gnu/gcc/4.9.2/lib64]
    arg [-L/opt/pkg/devel/cuda/8.0/lib64] ==> dir [/opt/pkg/devel/cuda/8.0/lib64]
    arg [-L/opt/pkg/filelib/hdf5-parallel/1.8.20/gnu/4.9.2/64/opt/openmpi/2.1.2.cuda80/lib] ==> dir [/opt/pkg/filelib/hdf5-parallel/1.8.20/gnu/4.9.2/64/opt/openmpi/2.1.2.cuda80/lib]
    arg [-L/opt/pkg/filelib/libsplash/1.7.0/gnu/4.9.2/64/opt/openmpi/2.1.2.cuda80/lib] ==> dir [/opt/pkg/filelib/libsplash/1.7.0/gnu/4.9.2/64/opt/openmpi/2.1.2.cuda80/lib]
    arg [-L/opt/pkg/compiler/gnu/gcc/4.9.2/lib/gcc/x86_64-unknown-linux-gnu/4.9.2/../../..] ==> dir [/opt/pkg/compiler/gnu/gcc/4.9.2/lib/gcc/x86_64-unknown-linux-gnu/4.9.2/../../..]
    arg [CMakeFiles/cmTC_399e2.dir/OpenMPTryFlag.cpp.o] ==> ignore
    arg [-lstdc++] ==> lib [stdc++]
    arg [-lm] ==> lib [m]
    arg [-lgomp] ==> lib [gomp]
    arg [-lgcc_s] ==> lib [gcc_s]
    arg [-lgcc] ==> lib [gcc]
    arg [-lpthread] ==> lib [pthread]
    arg [-lc] ==> lib [c]
    arg [-lgcc_s] ==> lib [gcc_s]
    arg [-lgcc] ==> lib [gcc]
    arg [/opt/pkg/compiler/gnu/gcc/4.9.2/lib/gcc/x86_64-unknown-linux-gnu/4.9.2/crtend.o] ==> ignore
    arg [/usr/lib/x86_64-linux-gnu/crtn.o] ==> ignore
  collapse library dir [/opt/pkg/devel/cuda/8.0/lib64/../lib64] ==> [/opt/pkg/devel/cuda/8.0/lib64]
  collapse library dir [/opt/pkg/compiler/gnu/gcc/4.9.2/lib64/../lib64] ==> [/opt/pkg/compiler/gnu/gcc/4.9.2/lib64]
  collapse library dir [/opt/pkg/devel/cuda/8.0/lib64/../lib64] ==> [/opt/pkg/devel/cuda/8.0/lib64]
  collapse library dir [/opt/pkg/compiler/gnu/gcc/4.9.2/lib/gcc/x86_64-unknown-linux-gnu/4.9.2] ==> [/opt/pkg/compiler/gnu/gcc/4.9.2/lib/gcc/x86_64-unknown-linux-gnu/4.9.2]
  collapse library dir [/opt/pkg/compiler/gnu/gcc/4.9.2/lib/gcc/x86_64-unknown-linux-gnu/4.9.2/../../../../lib64] ==> [/opt/pkg/compiler/gnu/gcc/4.9.2/lib64]
  collapse library dir [/lib/x86_64-linux-gnu] ==> [/lib/x86_64-linux-gnu]
  collapse library dir [/lib/../lib64] ==> [/lib64]
  collapse library dir [/usr/lib/x86_64-linux-gnu] ==> [/usr/lib/x86_64-linux-gnu]
  collapse library dir [/usr/lib/../lib64] ==> [/usr/lib64]
  collapse library dir [/opt/pkg/devel/cuda/8.0/lib64] ==> [/opt/pkg/devel/cuda/8.0/lib64]
  collapse library dir [/opt/pkg/compiler/gnu/gcc/4.9.2/lib64] ==> [/opt/pkg/compiler/gnu/gcc/4.9.2/lib64]
  collapse library dir [/opt/pkg/devel/cuda/8.0/lib64] ==> [/opt/pkg/devel/cuda/8.0/lib64]
  collapse library dir [/opt/pkg/filelib/hdf5-parallel/1.8.20/gnu/4.9.2/64/opt/openmpi/2.1.2.cuda80/lib] ==> [/opt/pkg/filelib/hdf5-parallel/1.8.20/gnu/4.9.2/64/opt/openmpi/2.1.2.cuda80/lib]
  collapse library dir [/opt/pkg/filelib/libsplash/1.7.0/gnu/4.9.2/64/opt/openmpi/2.1.2.cuda80/lib] ==> [/opt/pkg/filelib/libsplash/1.7.0/gnu/4.9.2/64/opt/openmpi/2.1.2.cuda80/lib]
  collapse library dir [/opt/pkg/compiler/gnu/gcc/4.9.2/lib/gcc/x86_64-unknown-linux-gnu/4.9.2/../../..] ==> [/opt/pkg/compiler/gnu/gcc/4.9.2/lib]
  implicit libs: [stdc++;m;gomp;gcc_s;gcc;pthread;c;gcc_s;gcc]
  implicit dirs: [/opt/pkg/devel/cuda/8.0/lib64;/opt/pkg/compiler/gnu/gcc/4.9.2/lib64;/opt/pkg/compiler/gnu/gcc/4.9.2/lib/gcc/x86_64-unknown-linux-gnu/4.9.2;/lib/x86_64-linux-gnu;/lib64;/usr/lib/x86_64-linux-gnu;/usr/lib64;/opt/pkg/filelib/hdf5-parallel/1.8.20/gnu/4.9.2/64/opt/openmpi/2.1.2.cuda80/lib;/opt/pkg/filelib/libsplash/1.7.0/gnu/4.9.2/64/opt/openmpi/2.1.2.cuda80/lib;/opt/pkg/compiler/gnu/gcc/4.9.2/lib]
  implicit fwks: []


