Determining if the pthread_create exist failed with the following output:
Change Dir: /home/goethe93/paramSets/RampOnCopper/.build/CMakeFiles/CMakeTmp

Run Build Command:"/usr/bin/make" "cmTC_fb304/fast"
/usr/bin/make -f CMakeFiles/cmTC_fb304.dir/build.make CMakeFiles/cmTC_fb304.dir/build
make[1]: Verzeichnis »/data/home/goethe93/paramSets/RampOnCopper/.build/CMakeFiles/CMakeTmp« wird betreten
Building C object CMakeFiles/cmTC_fb304.dir/CheckSymbolExists.c.o
/opt/pkg/compiler/gnu/gcc/4.9.2/bin/gcc-4.9.2   -fPIC    -o CMakeFiles/cmTC_fb304.dir/CheckSymbolExists.c.o   -c /home/goethe93/paramSets/RampOnCopper/.build/CMakeFiles/CMakeTmp/CheckSymbolExists.c
Linking C executable cmTC_fb304
/opt/pkg/devel/cmake/3.10.1/bin/cmake -E cmake_link_script CMakeFiles/cmTC_fb304.dir/link.txt --verbose=1
/opt/pkg/compiler/gnu/gcc/4.9.2/bin/gcc-4.9.2 -fPIC     CMakeFiles/cmTC_fb304.dir/CheckSymbolExists.c.o  -o cmTC_fb304 
CMakeFiles/cmTC_fb304.dir/CheckSymbolExists.c.o: In Funktion `main':
CheckSymbolExists.c:(.text+0x1b): Nicht definierter Verweis auf `pthread_create'
collect2: Fehler: ld gab 1 als Ende-Status zurück
make[1]: *** [cmTC_fb304] Fehler 1
make[1]: Verzeichnis »/data/home/goethe93/paramSets/RampOnCopper/.build/CMakeFiles/CMakeTmp« wird verlassen
make: *** [cmTC_fb304/fast] Fehler 2

File /home/goethe93/paramSets/RampOnCopper/.build/CMakeFiles/CMakeTmp/CheckSymbolExists.c:
/* */
#include <pthread.h>

int main(int argc, char** argv)
{
  (void)argv;
#ifndef pthread_create
  return ((int*)(&pthread_create))[argc];
#else
  (void)argc;
  return 0;
#endif
}

Determining if the function pthread_create exists in the pthreads failed with the following output:
Change Dir: /home/goethe93/paramSets/RampOnCopper/.build/CMakeFiles/CMakeTmp

Run Build Command:"/usr/bin/make" "cmTC_1a68c/fast"
/usr/bin/make -f CMakeFiles/cmTC_1a68c.dir/build.make CMakeFiles/cmTC_1a68c.dir/build
make[1]: Verzeichnis »/data/home/goethe93/paramSets/RampOnCopper/.build/CMakeFiles/CMakeTmp« wird betreten
Building C object CMakeFiles/cmTC_1a68c.dir/CheckFunctionExists.c.o
/opt/pkg/compiler/gnu/gcc/4.9.2/bin/gcc-4.9.2   -fPIC -DCHECK_FUNCTION_EXISTS=pthread_create   -o CMakeFiles/cmTC_1a68c.dir/CheckFunctionExists.c.o   -c /opt/pkg/devel/cmake/3.10.1/share/cmake-3.10/Modules/CheckFunctionExists.c
Linking C executable cmTC_1a68c
/opt/pkg/devel/cmake/3.10.1/bin/cmake -E cmake_link_script CMakeFiles/cmTC_1a68c.dir/link.txt --verbose=1
/opt/pkg/compiler/gnu/gcc/4.9.2/bin/gcc-4.9.2 -fPIC -DCHECK_FUNCTION_EXISTS=pthread_create    CMakeFiles/cmTC_1a68c.dir/CheckFunctionExists.c.o  -o cmTC_1a68c -lpthreads 
/usr/bin/ld: cannot find -lpthreads
collect2: Fehler: ld gab 1 als Ende-Status zurück
make[1]: *** [cmTC_1a68c] Fehler 1
make[1]: Verzeichnis »/data/home/goethe93/paramSets/RampOnCopper/.build/CMakeFiles/CMakeTmp« wird verlassen
make: *** [cmTC_1a68c/fast] Fehler 2


