Determining if the pthread_create exist failed with the following output:
Change Dir: /home/goethe93/paramSets/RampOnLCT/.build/CMakeFiles/CMakeTmp

Run Build Command:"/usr/bin/make" "cmTC_2b79b/fast"
/usr/bin/make -f CMakeFiles/cmTC_2b79b.dir/build.make CMakeFiles/cmTC_2b79b.dir/build
make[1]: Entering directory `/data/home/goethe93/paramSets/RampOnLCT/.build/CMakeFiles/CMakeTmp'
Building C object CMakeFiles/cmTC_2b79b.dir/CheckSymbolExists.c.o
/opt/pkg/compiler/gnu/gcc/4.9.2/bin/gcc-4.9.2   -fPIC    -o CMakeFiles/cmTC_2b79b.dir/CheckSymbolExists.c.o   -c /home/goethe93/paramSets/RampOnLCT/.build/CMakeFiles/CMakeTmp/CheckSymbolExists.c
Linking C executable cmTC_2b79b
/opt/pkg/devel/cmake/3.10.1/bin/cmake -E cmake_link_script CMakeFiles/cmTC_2b79b.dir/link.txt --verbose=1
/opt/pkg/compiler/gnu/gcc/4.9.2/bin/gcc-4.9.2 -fPIC     CMakeFiles/cmTC_2b79b.dir/CheckSymbolExists.c.o  -o cmTC_2b79b 
CMakeFiles/cmTC_2b79b.dir/CheckSymbolExists.c.o: In function `main':
CheckSymbolExists.c:(.text+0x1b): undefined reference to `pthread_create'
collect2: error: ld returned 1 exit status
make[1]: *** [cmTC_2b79b] Error 1
make[1]: Leaving directory `/data/home/goethe93/paramSets/RampOnLCT/.build/CMakeFiles/CMakeTmp'
make: *** [cmTC_2b79b/fast] Error 2

File /home/goethe93/paramSets/RampOnLCT/.build/CMakeFiles/CMakeTmp/CheckSymbolExists.c:
/* */
#include <pthread.h>

int main(int argc, char** argv)
{
  (void)argv;
#ifndef pthread_create
  return ((int*)(&pthread_create))[argc];
#else
  (void)argc;
  return 0;
#endif
}

Determining if the function pthread_create exists in the pthreads failed with the following output:
Change Dir: /home/goethe93/paramSets/RampOnLCT/.build/CMakeFiles/CMakeTmp

Run Build Command:"/usr/bin/make" "cmTC_8b20c/fast"
/usr/bin/make -f CMakeFiles/cmTC_8b20c.dir/build.make CMakeFiles/cmTC_8b20c.dir/build
make[1]: Entering directory `/data/home/goethe93/paramSets/RampOnLCT/.build/CMakeFiles/CMakeTmp'
Building C object CMakeFiles/cmTC_8b20c.dir/CheckFunctionExists.c.o
/opt/pkg/compiler/gnu/gcc/4.9.2/bin/gcc-4.9.2   -fPIC -DCHECK_FUNCTION_EXISTS=pthread_create   -o CMakeFiles/cmTC_8b20c.dir/CheckFunctionExists.c.o   -c /opt/pkg/devel/cmake/3.10.1/share/cmake-3.10/Modules/CheckFunctionExists.c
Linking C executable cmTC_8b20c
/opt/pkg/devel/cmake/3.10.1/bin/cmake -E cmake_link_script CMakeFiles/cmTC_8b20c.dir/link.txt --verbose=1
/opt/pkg/compiler/gnu/gcc/4.9.2/bin/gcc-4.9.2 -fPIC -DCHECK_FUNCTION_EXISTS=pthread_create    CMakeFiles/cmTC_8b20c.dir/CheckFunctionExists.c.o  -o cmTC_8b20c -lpthreads 
/usr/bin/ld: cannot find -lpthreads
collect2: error: ld returned 1 exit status
make[1]: *** [cmTC_8b20c] Error 1
make[1]: Leaving directory `/data/home/goethe93/paramSets/RampOnLCT/.build/CMakeFiles/CMakeTmp'
make: *** [cmTC_8b20c/fast] Error 2


